GAS LISTING C:\Users\Vipuls\AppData\Local\Temp\ccgPPdLo.s 			page 1


   1              	# 1 "./components/spc58ecxx_platform_component_rla/lib/src/crt0.s"
   1              	/****************************************************************************
   0              	
   0              	
   2              	*
   3              	* Copyright © 2015-2021 STMicroelectronics - All Rights Reserved
   4              	*
   5              	* This software is licensed under SLA0098 terms that can be found in the
   6              	* DM00779817_1_0.pdf file in the licenses directory of this software product.
   7              	* 
   8              	* THIS SOFTWARE IS DISTRIBUTED "AS IS," AND ALL WARRANTIES ARE DISCLAIMED, 
   9              	* INCLUDING MERCHANTABILITY AND FITNESS FOR A PARTICULAR PURPOSE.
  10              	*
  11              	*****************************************************************************/
  12              	/**
  13              	 * @file    crt0.s
  14              	 * @brief   Generic PowerPC startup file for GCC.
  15              	 *
  16              	 * @addtogroup PPC_STARTUP
  17              	 * @{
  18              	 */
  19              	
  20              	#include "boot.h"
   1              	/****************************************************************************
  21              	#include "toolchain.h"
   1              	/****************************************************************************
  22              	
  23              	/* Cache not enabled or not present. Nop instruction. */
  24              	#ifndef __INIT_CACHE_CORE0
  25              	#define __INIT_CACHE_CORE0	e_ori 0, 0, 0
  26              	#endif
  27              	#ifndef __INIT_CACHE_CORE1
  28              	#define __INIT_CACHE_CORE1	e_ori 0, 0, 0
  29              	#endif
  30              	#ifndef __INIT_CACHE_CORE2
  31              	#define __INIT_CACHE_CORE2	e_ori 0, 0, 0
  32              	#endif
  33              	
  34              	#if !defined(__DOXYGEN__)
  35              	
  36              	        .section    .crt0, "axv"
  37              	        .align		2
  38              	        .globl      _boot_address
  39              	        .type       _boot_address, @function
  40              	_VLE
  41              	_boot_address:
  42              	        /*
  43              	         * Stack setup.
  44              	         */
  45 0000 7020E000 			e_lis       %r1, HI(__process_stack_end__)
  46 0004 7020C000 	        e_or2i      %r1, LO(__process_stack_end__)
  47 0008 4800     	        se_li       %r0, 0
  48 000a 180106F8 	        e_stwu      %r0, -8(%r1)
  49              	        /*
  50              	         * Small sections registers initialization.
  51              	         */
  52 000e 7040E000 	        e_lis       %r2,  HI(__sdata2_start__)
GAS LISTING C:\Users\Vipuls\AppData\Local\Temp\ccgPPdLo.s 			page 2


  53 0012 7040C000 	        e_or2i      %r2,  LO(__sdata2_start__)
  54 0016 71A0E000 	        e_lis       %r13, HI(__sdata_start__)
  55 001a 71A0C000 	        e_or2i      %r13, LO(__sdata_start__)
  56              			/* 
  57              			 * Cache initialization.
  58              			 */
  59 001e 1800D000 			__INIT_CACHE_CORE2
  60              	        /*
  61              	         * Early initialization.
  62              	         */
  63 0022 78000001 	        e_bl        __early_init
  64              	        /*
  65              	         * BSS clearing.
  66              	         */
  67 0026 7080E000 	        e_lis       %r4, HI(__bss_start__)
  68 002a 7080C000 	        e_or2i      %r4, LO(__bss_start__)
  69 002e 70A0E000 	        e_lis       %r5, HI(__bss_end__)
  70 0032 70A0C000 	        e_or2i      %r5, LO(__bss_end__)
  71 0036 4807     	        se_li       %r7, 0
  72              	.bssloop:
  73 0038 7C042840 	        cmpl        cr0, %r4, %r5
  74 003c E004     	        se_bge      .bssend
  75 003e D074     	        se_stw      %r7, 0(%r4)
  76 0040 2034     	        se_addi     %r4, 4
  77 0042 E8FB     	        se_b        .bssloop
  78              	.bssend:
  79              	
  80              	#if !BOOT_LOAD_IN_RAM
  81              	        /*
  82              	         * DATA initialization.
  83              	         */
  84 0044 7080E000 	        e_lis       %r4, HI(__romdata_start__)
  85 0048 7080C000 	        e_or2i      %r4, LO(__romdata_start__)
  86 004c 70A0E000 	        e_lis       %r5, HI(__data_start__)
  87 0050 70A0C000 	        e_or2i      %r5, LO(__data_start__)
  88 0054 70C0E000 	        e_lis       %r6, HI(__data_end__)
  89 0058 70C0C000 	        e_or2i      %r6, LO(__data_end__)
  90              	.dataloop:
  91 005c 7C053040 	        cmpl        cr0, %r5, %r6
  92 0060 E006     	        se_bge      .dataend
  93 0062 C074     	        se_lwz      %r7, 0(%r4)
  94 0064 2034     	        se_addi     %r4, 4
  95 0066 D075     	        se_stw      %r7, 0(%r5)
  96 0068 2035     	        se_addi     %r5, 4
  97 006a E8F9     	        se_b        .dataloop
  98              	.dataend:
  99              	#endif
 100              	
 101              	        /*
 102              	         * Late initialization.
 103              	         */
 104 006c 78000001 	        e_bl        __late_init
 105              	        /*
 106              	         * Main program invocation.
 107              	         */
 108 0070 78000001 	        e_bl        main
 109 0074 78000000 	        e_b         _main_exit_handler
GAS LISTING C:\Users\Vipuls\AppData\Local\Temp\ccgPPdLo.s 			page 3


 110              	
 111              	        /*
 112              	         * Default main exit code, infinite loop.
 113              	         */
 114              	        .weak       _main_exit_handler
 115              	        .globl      _main_exit_handler
 116              	        .type       _main_exit_handler, @function
 117              	_main_exit_handler:
 118 0078 78000000 	        e_b         _main_exit_handler
 119              	
 120              	        /*
 121              	         * Default early initialization code, none.
 122              	         */
 123              	        .weak       __early_init
 124              	        .globl      __early_init
 125              	        .type       __early_init, @function
 126              	__early_init:
 127 007c 0004     	        se_blr
 128              	
 129              	        /*
 130              	         * Default late initialization code, none.
 131              	         */
 132              	        .weak       __late_init
 133              	        .globl      __late_init
 134              	        .type       __late_init, @function
 135              	__late_init:
 136 007e 0004     	        se_blr
 137              	
 138              	        /*
 139              	         * __eabi code, fix for freegcc 4.9.4.
 140              	         */
 141              	        .weak       __eabi
 142              	        .globl      __eabi
 143              	        .type       __eabi, @function
 144              	__eabi:
 145 0080 0004     	        se_blr
 146              	
 147              	#if BOOT_CORE0
 148 0082 44004400 	        .align		4
 148      44004400 
 148      44004400 
 148      4400
 149              	        .globl      _boot_address0
 150              	        .type       _boot_address0, @function
 151              	_VLE
 152              	_boot_address0:
 153              	        /*
 154              	         * Stack setup.
 155              	         */
 156 0090 7020E000 			e_lis       %r1, HI(__core0_process_stack_end__)
 157 0094 7020C000 	        e_or2i      %r1, LO(__core0_process_stack_end__)
 158 0098 4800     	        se_li       %r0, 0
 159 009a 180106F8 	        e_stwu      %r0, -8(%r1)
 160              	        /*
 161              	         * Small sections registers initialization.
 162              	         */
 163 009e 7040E000 	        e_lis       %r2,  HI(__sdata2_start__)
GAS LISTING C:\Users\Vipuls\AppData\Local\Temp\ccgPPdLo.s 			page 4


 164 00a2 7040C000 	        e_or2i      %r2,  LO(__sdata2_start__)
 165 00a6 71A0E000 	        e_lis       %r13, HI(__sdata_start__)
 166 00aa 71A0C000 	        e_or2i      %r13, LO(__sdata_start__)
 167              			/* 
 168              			 * Cache initialization.
 169              			 */
 170 00ae 1800D000 			__INIT_CACHE_CORE0
 171              	        /*
 172              	         * Main program invocation.
 173              	         */
 174 00b2 78000001 	        e_bl        main_core0
GAS LISTING C:\Users\Vipuls\AppData\Local\Temp\ccgPPdLo.s 			page 5


DEFINED SYMBOLS
./components/spc58ecxx_platform_component_rla/lib/src/crt0.s:41     .crt0:00000000 _boot_address
./components/spc58ecxx_platform_component_rla/lib/src/crt0.s:126    .crt0:0000007c __early_init
./components/spc58ecxx_platform_component_rla/lib/src/crt0.s:72     .crt0:00000038 .bssloop
./components/spc58ecxx_platform_component_rla/lib/src/crt0.s:78     .crt0:00000044 .bssend
./components/spc58ecxx_platform_component_rla/lib/src/crt0.s:90     .crt0:0000005c .dataloop
./components/spc58ecxx_platform_component_rla/lib/src/crt0.s:98     .crt0:0000006c .dataend
./components/spc58ecxx_platform_component_rla/lib/src/crt0.s:135    .crt0:0000007e __late_init
./components/spc58ecxx_platform_component_rla/lib/src/crt0.s:117    .crt0:00000078 _main_exit_handler
./components/spc58ecxx_platform_component_rla/lib/src/crt0.s:144    .crt0:00000080 __eabi
./components/spc58ecxx_platform_component_rla/lib/src/crt0.s:152    .crt0:00000090 _boot_address0

UNDEFINED SYMBOLS
__process_stack_end__
__sdata2_start__
__sdata_start__
__bss_start__
__bss_end__
__romdata_start__
__data_start__
__data_end__
main
__core0_process_stack_end__
main_core0
