GAS LISTING C:\Users\Vipuls\AppData\Local\Temp\cczgjLiW.s 			page 1


   1              		.file	"BMS_Controller_data.c"
   2              		.section	".text","axv"
   3              	.Ltext0:
   4              		.cfi_sections	.debug_frame
   5              		.globl rtConstP
   6              		.section	.rodata.rtConstP,"a",@progbits
   7              		.align 2
   8              		.type	rtConstP, @object
   9              		.size	rtConstP, 832
  10              	rtConstP:
  11 0000 3F800000 		.long	1065353216
  12 0004 00000000 		.long	0
  13 0008 00000000 		.long	0
  14 000c 00000000 		.long	0
  15 0010 3F800000 		.long	1065353216
  16 0014 00000000 		.long	0
  17 0018 00000000 		.long	0
  18 001c 00000000 		.long	0
  19 0020 3F800000 		.long	1065353216
  20 0024 3F800000 		.long	1065353216
  21 0028 00000000 		.long	0
  22 002c 00000000 		.long	0
  23 0030 00000000 		.long	0
  24 0034 00000000 		.long	0
  25 0038 00000000 		.long	0
  26 003c 00000000 		.long	0
  27 0040 00000000 		.long	0
  28 0044 3F800000 		.long	1065353216
  29 0048 00000000 		.long	0
  30 004c 3E999A33 		.long	1050253875
  31 0050 3EC96336 		.long	1053385526
  32 0054 3F0A73BF 		.long	1057649599
  33 0058 3F723D8E 		.long	1064451470
  34 005c 3FD9F907 		.long	1071249671
  35 0060 3F875821 		.long	1065834529
  36 0064 3F4CD4E1 		.long	1061999841
  37 0068 3F1EA7F1 		.long	1058973681
  38 006c 3F65893C 		.long	1063618876
  39 0070 3F78937E 		.long	1064866686
  40 0074 3F67E77C 		.long	1063774076
  41 0078 3F8E8B3E 		.long	1066306366
  42 007c 3F3317F6 		.long	1060313078
  43 0080 3EB69BDE 		.long	1052154846
  44 0084 3EAE14A0 		.long	1051595936
  45 0088 3F22E1E0 		.long	1059250656
  46 008c 00000000 		.long	0
  47 0090 3ED7D650 		.long	1054332496
  48 0094 3F15F93B 		.long	1058404667
  49 0098 3F7B17AD 		.long	1065031597
  50 009c 402628FD 		.long	1076242685
  51 00a0 3FFBFFF6 		.long	1073479670
  52 00a4 3F88188D 		.long	1065883789
  53 00a8 3F4BDF41 		.long	1061936961
  54 00ac 3F181071 		.long	1058541681
  55 00b0 3F675C1C 		.long	1063738396
  56 00b4 3F80F1B3 		.long	1065415091
  57 00b8 3F75167C 		.long	1064638076
GAS LISTING C:\Users\Vipuls\AppData\Local\Temp\cczgjLiW.s 			page 2


  58 00bc 3F82D906 		.long	1065539846
  59 00c0 3F1503F4 		.long	1058341876
  60 00c4 3EA1EC0A 		.long	1050799114
  61 00c8 3EC39F37 		.long	1053007671
  62 00cc 3F50A472 		.long	1062249586
  63 00d0 00000000 		.long	0
  64 00d4 3F3B5D85 		.long	1060855173
  65 00d8 3F9A1488 		.long	1067062408
  66 00dc 4034E81A 		.long	1077209114
  67 00e0 401A28DA 		.long	1075456218
  68 00e4 3FC681B2 		.long	1069973938
  69 00e8 3F835811 		.long	1065572369
  70 00ec 3F558951 		.long	1062570321
  71 00f0 3F13EF91 		.long	1058271121
  72 00f4 3F65CAB4 		.long	1063635636
  73 00f8 3F8D9DC3 		.long	1066245571
  74 00fc 3F5CB425 		.long	1063040037
  75 0100 3F81DF42 		.long	1065475906
  76 0104 3F16EE94 		.long	1058467476
  77 0108 3EA4B275 		.long	1050980981
  78 010c 3EBF5B8C 		.long	1052728204
  79 0110 3F5147FC 		.long	1062291452
  80 0114 00000000 		.long	0
  81 0118 3FDF15EA 		.long	1071584746
  82 011c 40337972 		.long	1077115250
  83 0120 402C2119 		.long	1076633881
  84 0124 400D3A0B 		.long	1074608651
  85 0128 3FB6BC32 		.long	1068940338
  86 012c 3F80C94D 		.long	1065404749
  87 0130 3F5C8FE9 		.long	1063030761
  88 0134 3F13DBB9 		.long	1058266041
  89 0138 3F6624DC 		.long	1063658716
  90 013c 3F9345F7 		.long	1066616311
  91 0140 3F4CB09D 		.long	1061990557
  92 0144 3F80B69E 		.long	1065399966
  93 0148 3F191CEA 		.long	1058610410
  94 014c 3E9F72B5 		.long	1050636981
  95 0150 3EC6B4CC 		.long	1053209804
  96 0154 3F4F5C52 		.long	1062165586
  97 0158 00000000 		.long	0
  98 015c 404E4313 		.long	1078870803
  99 0160 403199A0 		.long	1076992416
 100 0164 4021E4A8 		.long	1075963048
 101 0168 3FFAFC9E 		.long	1073413278
 102 016c 3FB63D5F 		.long	1068907871
 103 0170 3F7AF1B9 		.long	1065021881
 104 0174 3F607AE1 		.long	1063287521
 105 0178 3F179579 		.long	1058510201
 106 017c 3F5FCED5 		.long	1063243477
 107 0180 3F92831F 		.long	1066566431
 108 0184 3F49BA55 		.long	1061796437
 109 0188 3F808B2E 		.long	1065388846
 110 018c 3F227495 		.long	1059222677
 111 0190 3EAA3D34 		.long	1051344180
 112 0194 3ED06E62 		.long	1053847138
 113 0198 3F52E052 		.long	1062395986
 114 019c 44F79945 		.long	1157077317
GAS LISTING C:\Users\Vipuls\AppData\Local\Temp\cczgjLiW.s 			page 3


 115 01a0 44EDFA79 		.long	1156446841
 116 01a4 44E30A03 		.long	1155729923
 117 01a8 44D447F2 		.long	1154762738
 118 01ac 44BA4250 		.long	1153057360
 119 01b0 457A260B 		.long	1165633035
 120 01b4 465B887C 		.long	1180403836
 121 01b8 46806BCB 		.long	1182821323
 122 01bc 46A5BF19 		.long	1185267481
 123 01c0 46BC1FC0 		.long	1186734016
 124 01c4 46D3BD0D 		.long	1188281613
 125 01c8 46CD7D08 		.long	1187872008
 126 01cc 46C36109 		.long	1187209481
 127 01d0 46AE4408 		.long	1185825800
 128 01d4 46AC9781 		.long	1185716097
 129 01d8 469F56F8 		.long	1184847608
 130 01dc 467E4317 		.long	1182679831
 131 01e0 44CA8C1A 		.long	1154124826
 132 01e4 44BD27D9 		.long	1153247193
 133 01e8 44AFC718 		.long	1152370456
 134 01ec 449E34A6 		.long	1151218854
 135 01f0 458E8070 		.long	1166966896
 136 01f4 463809E6 		.long	1178077670
 137 01f8 469E98EC 		.long	1184798956
 138 01fc 46993E56 		.long	1184448086
 139 0200 46CFEC21 		.long	1188031521
 140 0204 46F69BF2 		.long	1190566898
 141 0208 46ED2B31 		.long	1189948209
 142 020c 46D33152 		.long	1188245842
 143 0210 46FB4D1E 		.long	1190874398
 144 0214 46FEFA10 		.long	1191115280
 145 0218 47081E67 		.long	1191714407
 146 021c 470BFE7B 		.long	1191968379
 147 0220 46F0B091 		.long	1190178961
 148 0224 44E5B12F 		.long	1155903791
 149 0228 44D0A43F 		.long	1154524223
 150 022c 44F2F680 		.long	1156773504
 151 0230 45DD6D4C 		.long	1172139340
 152 0234 466E316D 		.long	1181626733
 153 0238 46BAFD92 		.long	1186659730
 154 023c 47016257 		.long	1191273047
 155 0240 46CEC03A 		.long	1187954746
 156 0244 4717A684 		.long	1192732292
 157 0248 4742F3E5 		.long	1195570149
 158 024c 471B464C 		.long	1192969804
 159 0250 47134951 		.long	1192446289
 160 0254 473E50FC 		.long	1195266300
 161 0258 4747FC17 		.long	1195899927
 162 025c 476B163D 		.long	1198200381
 163 0260 4785DF57 		.long	1199955799
 164 0264 477AB087 		.long	1199222919
 165 0268 45147FBF 		.long	1158971327
 166 026c 4588B07B 		.long	1166585979
 167 0270 463D970D 		.long	1178441485
 168 0274 46B7A0C9 		.long	1186439369
 169 0278 46F52613 		.long	1190471187
 170 027c 471BE544 		.long	1193010500
 171 0280 474A4BC4 		.long	1196051396
GAS LISTING C:\Users\Vipuls\AppData\Local\Temp\cczgjLiW.s 			page 4


 172 0284 470B532C 		.long	1191924524
 173 0288 47603F0C 		.long	1197489932
 174 028c 478E1FEC 		.long	1200496620
 175 0290 474791AE 		.long	1195872686
 176 0294 475070A1 		.long	1196454049
 177 0298 478BDA93 		.long	1200347795
 178 029c 47979AAA 		.long	1201117866
 179 02a0 47C21316 		.long	1203901206
 180 02a4 47ED4942 		.long	1206733122
 181 02a8 47EA85FC 		.long	1206552060
 182 02ac 469412EC 		.long	1184109292
 183 02b0 47243516 		.long	1193555222
 184 02b4 478CCFE8 		.long	1200410600
 185 02b8 47BC0F32 		.long	1203506994
 186 02bc 47D55A32 		.long	1205164594
 187 02c0 47FED885 		.long	1207883909
 188 02c4 48252DC0 		.long	1210396096
 189 02c8 47DCAB9A 		.long	1205644186
 190 02cc 482A8754 		.long	1210746708
 191 02d0 48625B09 		.long	1214405385
 192 02d4 47FF1721 		.long	1207899937
 193 02d8 482325D2 		.long	1210262994
 194 02dc 4862BC59 		.long	1214430297
 195 02e0 488086C8 		.long	1216382664
 196 02e4 48AC73E8 		.long	1219261416
 197 02e8 48E199CD 		.long	1222744525
 198 02ec 48E29BCD 		.long	1222810573
 199 02f0 3727C5AC 		.long	925353388
 200 02f4 00000000 		.long	0
 201 02f8 00000000 		.long	0
 202 02fc 00000000 		.long	0
 203 0300 3F800000 		.long	1065353216
 204 0304 00000000 		.long	0
 205 0308 00000000 		.long	0
 206 030c 00000000 		.long	0
 207 0310 3727C5AC 		.long	925353388
 208 0314 358637BD 		.long	897988541
 209 0318 00000000 		.long	0
 210 031c 00000000 		.long	0
 211 0320 00000000 		.long	0
 212 0324 358637BD 		.long	897988541
 213 0328 00000000 		.long	0
 214 032c 00000000 		.long	0
 215 0330 00000000 		.long	0
 216 0334 358637BD 		.long	897988541
 217 0338 00000010 		.long	16
 218 033c 00000004 		.long	4
 219              		.section	".text","axv"
 220              	.Letext0:
 221              		.file 1 "./source/ModelBMS/rtwtypes.h"
 222              		.file 2 "./source/ModelBMS/BMS_Controller.h"
 223              		.file 3 "./source/ModelBMS/BMS_Controller_data.c"
 224              		.section	.debug_info,"",@progbits
 225              	.Ldebug_info0:
 226 0000 00000146 		.4byte	0x146
 227 0004 0002     		.2byte	0x2
 228 0006 00000000 		.4byte	.Ldebug_abbrev0
GAS LISTING C:\Users\Vipuls\AppData\Local\Temp\cczgjLiW.s 			page 5


 229 000a 04       		.byte	0x4
 230 000b 01       		.uleb128 0x1
 231 000c 00000000 		.4byte	.LASF21
 232 0010 01       		.byte	0x1
 233 0011 00000000 		.4byte	.LASF22
 234 0015 00000000 		.4byte	.LASF23
 235 0019 00000000 		.4byte	.Ldebug_line0
 236 001d 02       		.uleb128 0x2
 237 001e 01       		.byte	0x1
 238 001f 06       		.byte	0x6
 239 0020 00000000 		.4byte	.LASF0
 240 0024 02       		.uleb128 0x2
 241 0025 01       		.byte	0x1
 242 0026 08       		.byte	0x8
 243 0027 00000000 		.4byte	.LASF1
 244 002b 03       		.uleb128 0x3
 245 002c 04       		.byte	0x4
 246 002d 05       		.byte	0x5
 247 002e 696E7400 		.string	"int"
 248 0032 02       		.uleb128 0x2
 249 0033 04       		.byte	0x4
 250 0034 07       		.byte	0x7
 251 0035 00000000 		.4byte	.LASF2
 252 0039 02       		.uleb128 0x2
 253 003a 04       		.byte	0x4
 254 003b 05       		.byte	0x5
 255 003c 00000000 		.4byte	.LASF3
 256 0040 04       		.uleb128 0x4
 257 0041 00000000 		.4byte	.LASF7
 258 0045 01       		.byte	0x1
 259 0046 3A       		.byte	0x3a
 260 0047 0000004B 		.4byte	0x4b
 261 004b 02       		.uleb128 0x2
 262 004c 04       		.byte	0x4
 263 004d 07       		.byte	0x7
 264 004e 00000000 		.4byte	.LASF4
 265 0052 02       		.uleb128 0x2
 266 0053 08       		.byte	0x8
 267 0054 05       		.byte	0x5
 268 0055 00000000 		.4byte	.LASF5
 269 0059 02       		.uleb128 0x2
 270 005a 08       		.byte	0x8
 271 005b 07       		.byte	0x7
 272 005c 00000000 		.4byte	.LASF6
 273 0060 04       		.uleb128 0x4
 274 0061 00000000 		.4byte	.LASF8
 275 0065 01       		.byte	0x1
 276 0066 3D       		.byte	0x3d
 277 0067 0000006B 		.4byte	0x6b
 278 006b 02       		.uleb128 0x2
 279 006c 04       		.byte	0x4
 280 006d 04       		.byte	0x4
 281 006e 00000000 		.4byte	.LASF9
 282 0072 02       		.uleb128 0x2
 283 0073 08       		.byte	0x8
 284 0074 04       		.byte	0x4
 285 0075 00000000 		.4byte	.LASF10
GAS LISTING C:\Users\Vipuls\AppData\Local\Temp\cczgjLiW.s 			page 6


 286 0079 02       		.uleb128 0x2
 287 007a 01       		.byte	0x1
 288 007b 08       		.byte	0x8
 289 007c 00000000 		.4byte	.LASF11
 290 0080 02       		.uleb128 0x2
 291 0081 04       		.byte	0x4
 292 0082 07       		.byte	0x7
 293 0083 00000000 		.4byte	.LASF12
 294 0087 05       		.uleb128 0x5
 295 0088 00000060 		.4byte	0x60
 296 008c 00000097 		.4byte	0x97
 297 0090 06       		.uleb128 0x6
 298 0091 00000080 		.4byte	0x80
 299 0095 08       		.byte	0x8
 300 0096 00       		.byte	0
 301 0097 07       		.uleb128 0x7
 302 0098 0340     		.2byte	0x340
 303 009a 02       		.byte	0x2
 304 009b 56       		.byte	0x56
 305 009c 00000107 		.4byte	0x107
 306 00a0 08       		.uleb128 0x8
 307 00a1 00000000 		.4byte	.LASF13
 308 00a5 02       		.byte	0x2
 309 00a6 5A       		.byte	0x5a
 310 00a7 00000087 		.4byte	0x87
 311 00ab 02       		.byte	0x2
 312 00ac 23       		.byte	0x23
 313 00ad 00       		.uleb128 0
 314 00ae 08       		.uleb128 0x8
 315 00af 00000000 		.4byte	.LASF14
 316 00b3 02       		.byte	0x2
 317 00b4 5F       		.byte	0x5f
 318 00b5 00000087 		.4byte	0x87
 319 00b9 02       		.byte	0x2
 320 00ba 23       		.byte	0x23
 321 00bb 24       		.uleb128 0x24
 322 00bc 08       		.uleb128 0x8
 323 00bd 00000000 		.4byte	.LASF15
 324 00c1 02       		.byte	0x2
 325 00c2 64       		.byte	0x64
 326 00c3 00000107 		.4byte	0x107
 327 00c7 02       		.byte	0x2
 328 00c8 23       		.byte	0x23
 329 00c9 48       		.uleb128 0x48
 330 00ca 08       		.uleb128 0x8
 331 00cb 00000000 		.4byte	.LASF16
 332 00cf 02       		.byte	0x2
 333 00d0 69       		.byte	0x69
 334 00d1 00000107 		.4byte	0x107
 335 00d5 03       		.byte	0x3
 336 00d6 23       		.byte	0x23
 337 00d7 9C03     		.uleb128 0x19c
 338 00d9 08       		.uleb128 0x8
 339 00da 00000000 		.4byte	.LASF17
 340 00de 02       		.byte	0x2
 341 00df 6E       		.byte	0x6e
 342 00e0 00000087 		.4byte	0x87
GAS LISTING C:\Users\Vipuls\AppData\Local\Temp\cczgjLiW.s 			page 7


 343 00e4 03       		.byte	0x3
 344 00e5 23       		.byte	0x23
 345 00e6 F005     		.uleb128 0x2f0
 346 00e8 08       		.uleb128 0x8
 347 00e9 00000000 		.4byte	.LASF18
 348 00ed 02       		.byte	0x2
 349 00ee 73       		.byte	0x73
 350 00ef 00000087 		.4byte	0x87
 351 00f3 03       		.byte	0x3
 352 00f4 23       		.byte	0x23
 353 00f5 9406     		.uleb128 0x314
 354 00f7 08       		.uleb128 0x8
 355 00f8 00000000 		.4byte	.LASF19
 356 00fc 02       		.byte	0x2
 357 00fd 7F       		.byte	0x7f
 358 00fe 00000117 		.4byte	0x117
 359 0102 03       		.byte	0x3
 360 0103 23       		.byte	0x23
 361 0104 B806     		.uleb128 0x338
 362 0106 00       		.byte	0
 363 0107 05       		.uleb128 0x5
 364 0108 00000060 		.4byte	0x60
 365 010c 00000117 		.4byte	0x117
 366 0110 06       		.uleb128 0x6
 367 0111 00000080 		.4byte	0x80
 368 0115 54       		.byte	0x54
 369 0116 00       		.byte	0
 370 0117 05       		.uleb128 0x5
 371 0118 00000040 		.4byte	0x40
 372 011c 00000127 		.4byte	0x127
 373 0120 06       		.uleb128 0x6
 374 0121 00000080 		.4byte	0x80
 375 0125 01       		.byte	0x1
 376 0126 00       		.byte	0
 377 0127 04       		.uleb128 0x4
 378 0128 00000000 		.4byte	.LASF20
 379 012c 02       		.byte	0x2
 380 012d 80       		.byte	0x80
 381 012e 00000097 		.4byte	0x97
 382 0132 09       		.uleb128 0x9
 383 0133 00000000 		.4byte	.LASF24
 384 0137 03       		.byte	0x3
 385 0138 19       		.byte	0x19
 386 0139 00000144 		.4byte	0x144
 387 013d 01       		.byte	0x1
 388 013e 05       		.byte	0x5
 389 013f 03       		.byte	0x3
 390 0140 00000000 		.4byte	rtConstP
 391 0144 0A       		.uleb128 0xa
 392 0145 00000127 		.4byte	0x127
 393 0149 00       		.byte	0
 394              		.section	.debug_abbrev,"",@progbits
 395              	.Ldebug_abbrev0:
 396 0000 01       		.uleb128 0x1
 397 0001 11       		.uleb128 0x11
 398 0002 01       		.byte	0x1
 399 0003 25       		.uleb128 0x25
GAS LISTING C:\Users\Vipuls\AppData\Local\Temp\cczgjLiW.s 			page 8


 400 0004 0E       		.uleb128 0xe
 401 0005 13       		.uleb128 0x13
 402 0006 0B       		.uleb128 0xb
 403 0007 03       		.uleb128 0x3
 404 0008 0E       		.uleb128 0xe
 405 0009 1B       		.uleb128 0x1b
 406 000a 0E       		.uleb128 0xe
 407 000b 10       		.uleb128 0x10
 408 000c 06       		.uleb128 0x6
 409 000d 00       		.byte	0
 410 000e 00       		.byte	0
 411 000f 02       		.uleb128 0x2
 412 0010 24       		.uleb128 0x24
 413 0011 00       		.byte	0
 414 0012 0B       		.uleb128 0xb
 415 0013 0B       		.uleb128 0xb
 416 0014 3E       		.uleb128 0x3e
 417 0015 0B       		.uleb128 0xb
 418 0016 03       		.uleb128 0x3
 419 0017 0E       		.uleb128 0xe
 420 0018 00       		.byte	0
 421 0019 00       		.byte	0
 422 001a 03       		.uleb128 0x3
 423 001b 24       		.uleb128 0x24
 424 001c 00       		.byte	0
 425 001d 0B       		.uleb128 0xb
 426 001e 0B       		.uleb128 0xb
 427 001f 3E       		.uleb128 0x3e
 428 0020 0B       		.uleb128 0xb
 429 0021 03       		.uleb128 0x3
 430 0022 08       		.uleb128 0x8
 431 0023 00       		.byte	0
 432 0024 00       		.byte	0
 433 0025 04       		.uleb128 0x4
 434 0026 16       		.uleb128 0x16
 435 0027 00       		.byte	0
 436 0028 03       		.uleb128 0x3
 437 0029 0E       		.uleb128 0xe
 438 002a 3A       		.uleb128 0x3a
 439 002b 0B       		.uleb128 0xb
 440 002c 3B       		.uleb128 0x3b
 441 002d 0B       		.uleb128 0xb
 442 002e 49       		.uleb128 0x49
 443 002f 13       		.uleb128 0x13
 444 0030 00       		.byte	0
 445 0031 00       		.byte	0
 446 0032 05       		.uleb128 0x5
 447 0033 01       		.uleb128 0x1
 448 0034 01       		.byte	0x1
 449 0035 49       		.uleb128 0x49
 450 0036 13       		.uleb128 0x13
 451 0037 01       		.uleb128 0x1
 452 0038 13       		.uleb128 0x13
 453 0039 00       		.byte	0
 454 003a 00       		.byte	0
 455 003b 06       		.uleb128 0x6
 456 003c 21       		.uleb128 0x21
GAS LISTING C:\Users\Vipuls\AppData\Local\Temp\cczgjLiW.s 			page 9


 457 003d 00       		.byte	0
 458 003e 49       		.uleb128 0x49
 459 003f 13       		.uleb128 0x13
 460 0040 2F       		.uleb128 0x2f
 461 0041 0B       		.uleb128 0xb
 462 0042 00       		.byte	0
 463 0043 00       		.byte	0
 464 0044 07       		.uleb128 0x7
 465 0045 13       		.uleb128 0x13
 466 0046 01       		.byte	0x1
 467 0047 0B       		.uleb128 0xb
 468 0048 05       		.uleb128 0x5
 469 0049 3A       		.uleb128 0x3a
 470 004a 0B       		.uleb128 0xb
 471 004b 3B       		.uleb128 0x3b
 472 004c 0B       		.uleb128 0xb
 473 004d 01       		.uleb128 0x1
 474 004e 13       		.uleb128 0x13
 475 004f 00       		.byte	0
 476 0050 00       		.byte	0
 477 0051 08       		.uleb128 0x8
 478 0052 0D       		.uleb128 0xd
 479 0053 00       		.byte	0
 480 0054 03       		.uleb128 0x3
 481 0055 0E       		.uleb128 0xe
 482 0056 3A       		.uleb128 0x3a
 483 0057 0B       		.uleb128 0xb
 484 0058 3B       		.uleb128 0x3b
 485 0059 0B       		.uleb128 0xb
 486 005a 49       		.uleb128 0x49
 487 005b 13       		.uleb128 0x13
 488 005c 38       		.uleb128 0x38
 489 005d 0A       		.uleb128 0xa
 490 005e 00       		.byte	0
 491 005f 00       		.byte	0
 492 0060 09       		.uleb128 0x9
 493 0061 34       		.uleb128 0x34
 494 0062 00       		.byte	0
 495 0063 03       		.uleb128 0x3
 496 0064 0E       		.uleb128 0xe
 497 0065 3A       		.uleb128 0x3a
 498 0066 0B       		.uleb128 0xb
 499 0067 3B       		.uleb128 0x3b
 500 0068 0B       		.uleb128 0xb
 501 0069 49       		.uleb128 0x49
 502 006a 13       		.uleb128 0x13
 503 006b 3F       		.uleb128 0x3f
 504 006c 0C       		.uleb128 0xc
 505 006d 02       		.uleb128 0x2
 506 006e 0A       		.uleb128 0xa
 507 006f 00       		.byte	0
 508 0070 00       		.byte	0
 509 0071 0A       		.uleb128 0xa
 510 0072 26       		.uleb128 0x26
 511 0073 00       		.byte	0
 512 0074 49       		.uleb128 0x49
 513 0075 13       		.uleb128 0x13
GAS LISTING C:\Users\Vipuls\AppData\Local\Temp\cczgjLiW.s 			page 10


 514 0076 00       		.byte	0
 515 0077 00       		.byte	0
 516 0078 00       		.byte	0
 517              		.section	.debug_aranges,"",@progbits
 518 0000 00000014 		.4byte	0x14
 519 0004 0002     		.2byte	0x2
 520 0006 00000000 		.4byte	.Ldebug_info0
 521 000a 04       		.byte	0x4
 522 000b 00       		.byte	0
 523 000c 0000     		.2byte	0
 524 000e 0000     		.2byte	0
 525 0010 00000000 		.4byte	0
 526 0014 00000000 		.4byte	0
 527              		.section	.debug_line,"",@progbits
 528              	.Ldebug_line0:
 529 0000 00000066 		.section	.debug_str,"MS",@progbits,1
 529      00020000 
 529      00600201 
 529      FB0E0D00 
 529      01010101 
 530              	.LASF17:
 531 0000 556E6974 		.string	"UnitDelayP_InitialCondition"
 531      44656C61 
 531      79505F49 
 531      6E697469 
 531      616C436F 
 532              	.LASF9:
 533 001c 666C6F61 		.string	"float"
 533      7400
 534              	.LASF19:
 535 0022 706F6F6C 		.string	"pooled5"
 535      65643500 
 536              	.LASF1:
 537 002a 756E7369 		.string	"unsigned char"
 537      676E6564 
 537      20636861 
 537      7200
 538              	.LASF4:
 539 0038 6C6F6E67 		.string	"long unsigned int"
 539      20756E73 
 539      69676E65 
 539      6420696E 
 539      7400
 540              	.LASF13:
 541 004a 436F6E73 		.string	"Constant2_Value"
 541      74616E74 
 541      325F5661 
 541      6C756500 
 542              	.LASF10:
 543 005a 646F7562 		.string	"double"
 543      6C6500
 544              	.LASF21:
 545 0061 474E5520 		.ascii	"GNU C 4.9.4 20160726 (Sat May 27 11:09:55 CDT 2017         b"
 545      4320342E 
 545      392E3420 
 545      32303136 
 545      30373236 
GAS LISTING C:\Users\Vipuls\AppData\Local\Temp\cczgjLiW.s 			page 11


 546 009d 75696C64 		.ascii	"uild.sh"
 546      2E7368
 547 00a4 20726576 		.string	" rev=gd8b6c20 s=F494 ELe200 -V release_gd8b6c20_build_Fed_ELe200_ML0) -mcall-sysv -mcpu=e
 547      3D676438 
 547      62366332 
 547      3020733D 
 547      46343934 
 548              	.LASF16:
 549 01a5 75444C6F 		.string	"uDLookupTableC1_tableData"
 549      6F6B7570 
 549      5461626C 
 549      6543315F 
 549      7461626C 
 550              	.LASF20:
 551 01bf 436F6E73 		.string	"ConstP"
 551      745000
 552              	.LASF2:
 553 01c6 756E7369 		.string	"unsigned int"
 553      676E6564 
 553      20696E74 
 553      00
 554              	.LASF24:
 555 01d3 7274436F 		.string	"rtConstP"
 555      6E737450 
 555      00
 556              	.LASF6:
 557 01dc 6C6F6E67 		.string	"long long unsigned int"
 557      206C6F6E 
 557      6720756E 
 557      7369676E 
 557      65642069 
 558              	.LASF7:
 559 01f3 75696E74 		.string	"uint32_T"
 559      33325F54 
 559      00
 560              	.LASF12:
 561 01fc 73697A65 		.string	"sizetype"
 561      74797065 
 561      00
 562              	.LASF5:
 563 0205 6C6F6E67 		.string	"long long int"
 563      206C6F6E 
 563      6720696E 
 563      7400
 564              	.LASF11:
 565 0213 63686172 		.string	"char"
 565      00
 566              	.LASF23:
 567 0218 443A5C53 		.string	"D:\\Study\\Y1\\Work\\RCVD\\Autodev\\Slave_L9963E\\SPC58EC - Combined_Application_v1"
 567      74756479 
 567      5C59315C 
 567      576F726B 
 567      5C524356 
 568              	.LASF18:
 569 0265 436F6E73 		.string	"Constant_Value_n"
 569      74616E74 
 569      5F56616C 
GAS LISTING C:\Users\Vipuls\AppData\Local\Temp\cczgjLiW.s 			page 12


 569      75655F6E 
 569      00
 570              	.LASF22:
 571 0276 2E2F736F 		.string	"./source/ModelBMS/BMS_Controller_data.c"
 571      75726365 
 571      2F4D6F64 
 571      656C424D 
 571      532F424D 
 572              	.LASF8:
 573 029e 7265616C 		.string	"real32_T"
 573      33325F54 
 573      00
 574              	.LASF15:
 575 02a7 75444C6F 		.string	"uDLookupTabledOCV_tableData"
 575      6F6B7570 
 575      5461626C 
 575      65644F43 
 575      565F7461 
 576              	.LASF3:
 577 02c3 6C6F6E67 		.string	"long int"
 577      20696E74 
 577      00
 578              	.LASF0:
 579 02cc 7369676E 		.string	"signed char"
 579      65642063 
 579      68617200 
 580              	.LASF14:
 581 02d8 436F6E73 		.string	"Constant_Value"
 581      74616E74 
 581      5F56616C 
 581      756500
 582              		.ident	"GCC: (GNU) 4.9.4 20160726 (Sat May 27 11:09:55 CDT 2017         build.sh rev=gd8b6c20 s=F4
GAS LISTING C:\Users\Vipuls\AppData\Local\Temp\cczgjLiW.s 			page 13


DEFINED SYMBOLS
                            *ABS*:00000000 BMS_Controller_data.c
C:\Users\Vipuls\AppData\Local\Temp\cczgjLiW.s:10     .rodata.rtConstP:00000000 rtConstP

NO UNDEFINED SYMBOLS
