GAS LISTING C:\Users\Vipuls\AppData\Local\Temp\cclZIOYA.s 			page 1


   1              		.file	"board.c"
   2              		.section	".text","axv"
   3              	.Ltext0:
   4              		.cfi_sections	.debug_frame
   5              		.section	.text.boardInit,"axv",@progbits
   6              		.align 1
   7              		.p2align 4,,15
   8              		.globl boardInit
   9              		.type	boardInit, @function
  10              	boardInit:
  11              	.LFB2:
  12              		.file 1 "./components/spc58ecxx_board_initialization_component_rla/cfg/board.c"
  13              		.loc 1 63 0
  14              		.cfi_startproc
  15              		.loc 1 65 0
  16 0000 7060E000 		e_lis %r3,.LANCHOR0@ha
  17              		.loc 1 66 0
  18              		.loc 1 65 0
  19 0004 1C630000 		e_la %r3,.LANCHOR0@l(%r3)
  20 0008 78000000 		e_b pal_init
  21              	.LVL0:
  22              		.cfi_endproc
  23              	.LFE2:
  24              		.size	boardInit, .-boardInit
  25              		.section	.data.spc_mscr_io_init,"aw",@progbits
  26              		.align 2
  27              		.type	spc_mscr_io_init, @object
  28              		.size	spc_mscr_io_init, 216
  29              	spc_mscr_io_init:
  30 0000 0000     		.short	0
  31 0002 0000     		.zero	2
  32 0004 12880000 		.long	310902784
  33 0008 00       		.byte	0
  34 0009 000000   		.zero	3
  35 000c 0001     		.short	1
  36 000e 0000     		.zero	2
  37 0010 12880000 		.long	310902784
  38 0014 00       		.byte	0
  39 0015 000000   		.zero	3
  40 0018 000A     		.short	10
  41 001a 0000     		.zero	2
  42 001c 00080000 		.long	524288
  43 0020 00       		.byte	0
  44 0021 000000   		.zero	3
  45 0024 0002     		.short	2
  46 0026 0000     		.zero	2
  47 0028 12880000 		.long	310902784
  48 002c 00       		.byte	0
  49 002d 000000   		.zero	3
  50 0030 0003     		.short	3
  51 0032 0000     		.zero	2
  52 0034 12880000 		.long	310902784
  53 0038 00       		.byte	0
  54 0039 000000   		.zero	3
  55 003c 0004     		.short	4
  56 003e 0000     		.zero	2
  57 0040 12880000 		.long	310902784
GAS LISTING C:\Users\Vipuls\AppData\Local\Temp\cclZIOYA.s 			page 2


  58 0044 00       		.byte	0
  59 0045 000000   		.zero	3
  60 0048 001B     		.short	27
  61 004a 0000     		.zero	2
  62 004c 02800008 		.long	41943048
  63 0050 01       		.byte	1
  64 0051 000000   		.zero	3
  65 0054 003B     		.short	59
  66 0056 0000     		.zero	2
  67 0058 12880001 		.long	310902785
  68 005c 00       		.byte	0
  69 005d 000000   		.zero	3
  70 0060 0034     		.short	52
  71 0062 0000     		.zero	2
  72 0064 12880001 		.long	310902785
  73 0068 00       		.byte	0
  74 0069 000000   		.zero	3
  75 006c 0035     		.short	53
  76 006e 0000     		.zero	2
  77 0070 00080000 		.long	524288
  78 0074 00       		.byte	0
  79 0075 000000   		.zero	3
  80 0078 005A     		.short	90
  81 007a 0000     		.zero	2
  82 007c 02880000 		.long	42467328
  83 0080 00       		.byte	0
  84 0081 000000   		.zero	3
  85 0084 005E     		.short	94
  86 0086 0000     		.zero	2
  87 0088 02880000 		.long	42467328
  88 008c 00       		.byte	0
  89 008d 000000   		.zero	3
  90 0090 0056     		.short	86
  91 0092 0000     		.zero	2
  92 0094 00890000 		.long	8978432
  93 0098 00       		.byte	0
  94 0099 000000   		.zero	3
  95 009c 0057     		.short	87
  96 009e 0000     		.zero	2
  97 00a0 02880002 		.long	42467330
  98 00a4 00       		.byte	0
  99 00a5 000000   		.zero	3
 100 00a8 0058     		.short	88
 101 00aa 0000     		.zero	2
 102 00ac 02880000 		.long	42467328
 103 00b0 00       		.byte	0
 104 00b1 000000   		.zero	3
 105 00b4 006F     		.short	111
 106 00b6 0000     		.zero	2
 107 00b8 02800001 		.long	41943041
 108 00bc 00       		.byte	0
 109 00bd 000000   		.zero	3
 110 00c0 0070     		.short	112
 111 00c2 0000     		.zero	2
 112 00c4 02880000 		.long	42467328
 113 00c8 00       		.byte	0
 114 00c9 000000   		.zero	3
GAS LISTING C:\Users\Vipuls\AppData\Local\Temp\cclZIOYA.s 			page 3


 115 00cc FFFF     		.short	-1
 116 00ce 0000     		.zero	2
 117 00d0 00000000 		.long	0
 118 00d4 00       		.byte	0
 119 00d5 000000   		.zero	3
 120              		.section	.data.pal_default_config,"aw",@progbits
 121              		.align 2
 122              		.set	.LANCHOR0,. + 0
 123              		.type	pal_default_config, @object
 124              		.size	pal_default_config, 8
 125              	pal_default_config:
 126 0000 00000000 		.long	spc_mscr_io_init
 127 0004 00000000 		.long	spc_mscr_mux_init
 128              		.section	.data.spc_mscr_mux_init,"aw",@progbits
 129              		.align 2
 130              		.type	spc_mscr_mux_init, @object
 131              		.size	spc_mscr_mux_init, 32
 132              	spc_mscr_mux_init:
 133 0000 0154     		.short	340
 134 0002 0000     		.zero	2
 135 0004 00000002 		.long	2
 136 0008 0170     		.short	368
 137 000a 0000     		.zero	2
 138 000c 00000007 		.long	7
 139 0010 00FC     		.short	252
 140 0012 0000     		.zero	2
 141 0014 00000005 		.long	5
 142 0018 FFFF     		.short	-1
 143 001a 0000     		.zero	2
 144 001c 00000000 		.long	0
 145              		.section	".text","axv"
 146              	.Letext0:
 147              		.file 2 "c:\\autodevkitstudio-2.4.0\\eclipse\\plugins\\com.st.tools.spc5.tools.gnu.gcc.ppcvle.win3
 148              		.file 3 "c:\\autodevkitstudio-2.4.0\\eclipse\\plugins\\com.st.tools.spc5.tools.gnu.gcc.ppcvle.win3
 149              		.file 4 "./components/spc58ecxx_board_initialization_component_rla/lib/include/pal.h"
 150              		.section	.debug_info,"",@progbits
 151              	.Ldebug_info0:
 152 0000 00000206 		.4byte	0x206
 153 0004 0002     		.2byte	0x2
 154 0006 00000000 		.4byte	.Ldebug_abbrev0
 155 000a 04       		.byte	0x4
 156 000b 01       		.uleb128 0x1
 157 000c 00000000 		.4byte	.LASF28
 158 0010 01       		.byte	0x1
 159 0011 00000000 		.4byte	.LASF29
 160 0015 00000000 		.4byte	.LASF30
 161 0019 00000000 		.4byte	.Ldebug_ranges0+0
 162 001d 00000000 		.4byte	0
 163 0021 00000000 		.4byte	0
 164 0025 00000000 		.4byte	.Ldebug_line0
 165 0029 02       		.uleb128 0x2
 166 002a 01       		.byte	0x1
 167 002b 06       		.byte	0x6
 168 002c 00000000 		.4byte	.LASF0
 169 0030 03       		.uleb128 0x3
 170 0031 00000000 		.4byte	.LASF2
 171 0035 02       		.byte	0x2
GAS LISTING C:\Users\Vipuls\AppData\Local\Temp\cclZIOYA.s 			page 4


 172 0036 1D       		.byte	0x1d
 173 0037 0000003B 		.4byte	0x3b
 174 003b 02       		.uleb128 0x2
 175 003c 01       		.byte	0x1
 176 003d 08       		.byte	0x8
 177 003e 00000000 		.4byte	.LASF1
 178 0042 03       		.uleb128 0x3
 179 0043 00000000 		.4byte	.LASF3
 180 0047 02       		.byte	0x2
 181 0048 29       		.byte	0x29
 182 0049 0000004D 		.4byte	0x4d
 183 004d 02       		.uleb128 0x2
 184 004e 02       		.byte	0x2
 185 004f 05       		.byte	0x5
 186 0050 00000000 		.4byte	.LASF4
 187 0054 02       		.uleb128 0x2
 188 0055 02       		.byte	0x2
 189 0056 07       		.byte	0x7
 190 0057 00000000 		.4byte	.LASF5
 191 005b 02       		.uleb128 0x2
 192 005c 04       		.byte	0x4
 193 005d 05       		.byte	0x5
 194 005e 00000000 		.4byte	.LASF6
 195 0062 03       		.uleb128 0x3
 196 0063 00000000 		.4byte	.LASF7
 197 0067 02       		.byte	0x2
 198 0068 41       		.byte	0x41
 199 0069 0000006D 		.4byte	0x6d
 200 006d 02       		.uleb128 0x2
 201 006e 04       		.byte	0x4
 202 006f 07       		.byte	0x7
 203 0070 00000000 		.4byte	.LASF8
 204 0074 02       		.uleb128 0x2
 205 0075 08       		.byte	0x8
 206 0076 05       		.byte	0x5
 207 0077 00000000 		.4byte	.LASF9
 208 007b 02       		.uleb128 0x2
 209 007c 08       		.byte	0x8
 210 007d 07       		.byte	0x7
 211 007e 00000000 		.4byte	.LASF10
 212 0082 04       		.uleb128 0x4
 213 0083 04       		.byte	0x4
 214 0084 05       		.byte	0x5
 215 0085 696E7400 		.string	"int"
 216 0089 02       		.uleb128 0x2
 217 008a 04       		.byte	0x4
 218 008b 07       		.byte	0x7
 219 008c 00000000 		.4byte	.LASF11
 220 0090 03       		.uleb128 0x3
 221 0091 00000000 		.4byte	.LASF12
 222 0095 03       		.byte	0x3
 223 0096 15       		.byte	0x15
 224 0097 00000030 		.4byte	0x30
 225 009b 03       		.uleb128 0x3
 226 009c 00000000 		.4byte	.LASF13
 227 00a0 03       		.byte	0x3
 228 00a1 20       		.byte	0x20
GAS LISTING C:\Users\Vipuls\AppData\Local\Temp\cclZIOYA.s 			page 5


 229 00a2 00000042 		.4byte	0x42
 230 00a6 03       		.uleb128 0x3
 231 00a7 00000000 		.4byte	.LASF14
 232 00ab 03       		.byte	0x3
 233 00ac 2D       		.byte	0x2d
 234 00ad 00000062 		.4byte	0x62
 235 00b1 02       		.uleb128 0x2
 236 00b2 04       		.byte	0x4
 237 00b3 07       		.byte	0x7
 238 00b4 00000000 		.4byte	.LASF15
 239 00b8 03       		.uleb128 0x3
 240 00b9 00000000 		.4byte	.LASF16
 241 00bd 04       		.byte	0x4
 242 00be 8B       		.byte	0x8b
 243 00bf 000000A6 		.4byte	0xa6
 244 00c3 05       		.uleb128 0x5
 245 00c4 0C       		.byte	0xc
 246 00c5 04       		.byte	0x4
 247 00c6 95       		.byte	0x95
 248 00c7 000000F6 		.4byte	0xf6
 249 00cb 06       		.uleb128 0x6
 250 00cc 00000000 		.4byte	.LASF17
 251 00d0 04       		.byte	0x4
 252 00d1 96       		.byte	0x96
 253 00d2 0000009B 		.4byte	0x9b
 254 00d6 02       		.byte	0x2
 255 00d7 23       		.byte	0x23
 256 00d8 00       		.uleb128 0
 257 00d9 06       		.uleb128 0x6
 258 00da 00000000 		.4byte	.LASF18
 259 00de 04       		.byte	0x4
 260 00df 97       		.byte	0x97
 261 00e0 000000B8 		.4byte	0xb8
 262 00e4 02       		.byte	0x2
 263 00e5 23       		.byte	0x23
 264 00e6 04       		.uleb128 0x4
 265 00e7 06       		.uleb128 0x6
 266 00e8 00000000 		.4byte	.LASF19
 267 00ec 04       		.byte	0x4
 268 00ed 98       		.byte	0x98
 269 00ee 00000090 		.4byte	0x90
 270 00f2 02       		.byte	0x2
 271 00f3 23       		.byte	0x23
 272 00f4 08       		.uleb128 0x8
 273 00f5 00       		.byte	0
 274 00f6 03       		.uleb128 0x3
 275 00f7 00000000 		.4byte	.LASF20
 276 00fb 04       		.byte	0x4
 277 00fc 99       		.byte	0x99
 278 00fd 000000C3 		.4byte	0xc3
 279 0101 05       		.uleb128 0x5
 280 0102 08       		.byte	0x8
 281 0103 04       		.byte	0x4
 282 0104 9E       		.byte	0x9e
 283 0105 00000126 		.4byte	0x126
 284 0109 06       		.uleb128 0x6
 285 010a 00000000 		.4byte	.LASF17
GAS LISTING C:\Users\Vipuls\AppData\Local\Temp\cclZIOYA.s 			page 6


 286 010e 04       		.byte	0x4
 287 010f 9F       		.byte	0x9f
 288 0110 0000009B 		.4byte	0x9b
 289 0114 02       		.byte	0x2
 290 0115 23       		.byte	0x23
 291 0116 00       		.uleb128 0
 292 0117 06       		.uleb128 0x6
 293 0118 00000000 		.4byte	.LASF18
 294 011c 04       		.byte	0x4
 295 011d A0       		.byte	0xa0
 296 011e 000000A6 		.4byte	0xa6
 297 0122 02       		.byte	0x2
 298 0123 23       		.byte	0x23
 299 0124 04       		.uleb128 0x4
 300 0125 00       		.byte	0
 301 0126 03       		.uleb128 0x3
 302 0127 00000000 		.4byte	.LASF21
 303 012b 04       		.byte	0x4
 304 012c A1       		.byte	0xa1
 305 012d 00000101 		.4byte	0x101
 306 0131 05       		.uleb128 0x5
 307 0132 08       		.byte	0x8
 308 0133 04       		.byte	0x4
 309 0134 AC       		.byte	0xac
 310 0135 00000156 		.4byte	0x156
 311 0139 06       		.uleb128 0x6
 312 013a 00000000 		.4byte	.LASF22
 313 013e 04       		.byte	0x4
 314 013f AD       		.byte	0xad
 315 0140 00000156 		.4byte	0x156
 316 0144 02       		.byte	0x2
 317 0145 23       		.byte	0x23
 318 0146 00       		.uleb128 0
 319 0147 06       		.uleb128 0x6
 320 0148 00000000 		.4byte	.LASF23
 321 014c 04       		.byte	0x4
 322 014d AE       		.byte	0xae
 323 014e 0000015C 		.4byte	0x15c
 324 0152 02       		.byte	0x2
 325 0153 23       		.byte	0x23
 326 0154 04       		.uleb128 0x4
 327 0155 00       		.byte	0
 328 0156 07       		.uleb128 0x7
 329 0157 04       		.byte	0x4
 330 0158 000000F6 		.4byte	0xf6
 331 015c 07       		.uleb128 0x7
 332 015d 04       		.byte	0x4
 333 015e 00000126 		.4byte	0x126
 334 0162 03       		.uleb128 0x3
 335 0163 00000000 		.4byte	.LASF24
 336 0167 04       		.byte	0x4
 337 0168 AF       		.byte	0xaf
 338 0169 00000131 		.4byte	0x131
 339 016d 08       		.uleb128 0x8
 340 016e 01       		.byte	0x1
 341 016f 00000000 		.4byte	.LASF31
 342 0173 01       		.byte	0x1
GAS LISTING C:\Users\Vipuls\AppData\Local\Temp\cclZIOYA.s 			page 7


 343 0174 3F       		.byte	0x3f
 344 0175 01       		.byte	0x1
 345 0176 00000000 		.4byte	.LFB2
 346 017a 00000000 		.4byte	.LFE2
 347 017e 02       		.byte	0x2
 348 017f 71       		.byte	0x71
 349 0180 00       		.sleb128 0
 350 0181 01       		.byte	0x1
 351 0182 0000019B 		.4byte	0x19b
 352 0186 09       		.uleb128 0x9
 353 0187 00000000 		.4byte	.LVL0
 354 018b 01       		.byte	0x1
 355 018c 000001EE 		.4byte	0x1ee
 356 0190 0A       		.uleb128 0xa
 357 0191 01       		.byte	0x1
 358 0192 53       		.byte	0x53
 359 0193 05       		.byte	0x5
 360 0194 03       		.byte	0x3
 361 0195 00000000 		.4byte	.LANCHOR0
 362 0199 00       		.byte	0
 363 019a 00       		.byte	0
 364 019b 0B       		.uleb128 0xb
 365 019c 000000F6 		.4byte	0xf6
 366 01a0 000001AB 		.4byte	0x1ab
 367 01a4 0C       		.uleb128 0xc
 368 01a5 000000B1 		.4byte	0xb1
 369 01a9 11       		.byte	0x11
 370 01aa 00       		.byte	0
 371 01ab 0D       		.uleb128 0xd
 372 01ac 00000000 		.4byte	.LASF25
 373 01b0 01       		.byte	0x1
 374 01b1 14       		.byte	0x14
 375 01b2 0000019B 		.4byte	0x19b
 376 01b6 05       		.byte	0x5
 377 01b7 03       		.byte	0x3
 378 01b8 00000000 		.4byte	spc_mscr_io_init
 379 01bc 0B       		.uleb128 0xb
 380 01bd 00000126 		.4byte	0x126
 381 01c1 000001CC 		.4byte	0x1cc
 382 01c5 0C       		.uleb128 0xc
 383 01c6 000000B1 		.4byte	0xb1
 384 01ca 03       		.byte	0x3
 385 01cb 00       		.byte	0
 386 01cc 0D       		.uleb128 0xd
 387 01cd 00000000 		.4byte	.LASF26
 388 01d1 01       		.byte	0x1
 389 01d2 2D       		.byte	0x2d
 390 01d3 000001BC 		.4byte	0x1bc
 391 01d7 05       		.byte	0x5
 392 01d8 03       		.byte	0x3
 393 01d9 00000000 		.4byte	spc_mscr_mux_init
 394 01dd 0D       		.uleb128 0xd
 395 01de 00000000 		.4byte	.LASF27
 396 01e2 01       		.byte	0x1
 397 01e3 37       		.byte	0x37
 398 01e4 00000162 		.4byte	0x162
 399 01e8 05       		.byte	0x5
GAS LISTING C:\Users\Vipuls\AppData\Local\Temp\cclZIOYA.s 			page 8


 400 01e9 03       		.byte	0x3
 401 01ea 00000000 		.4byte	pal_default_config
 402 01ee 0E       		.uleb128 0xe
 403 01ef 01       		.byte	0x1
 404 01f0 00000000 		.4byte	.LASF32
 405 01f4 04       		.byte	0x4
 406 01f5 01CC     		.2byte	0x1cc
 407 01f7 01       		.byte	0x1
 408 01f8 01       		.byte	0x1
 409 01f9 00000203 		.4byte	0x203
 410 01fd 0F       		.uleb128 0xf
 411 01fe 00000203 		.4byte	0x203
 412 0202 00       		.byte	0
 413 0203 07       		.uleb128 0x7
 414 0204 04       		.byte	0x4
 415 0205 00000162 		.4byte	0x162
 416 0209 00       		.byte	0
 417              		.section	.debug_abbrev,"",@progbits
 418              	.Ldebug_abbrev0:
 419 0000 01       		.uleb128 0x1
 420 0001 11       		.uleb128 0x11
 421 0002 01       		.byte	0x1
 422 0003 25       		.uleb128 0x25
 423 0004 0E       		.uleb128 0xe
 424 0005 13       		.uleb128 0x13
 425 0006 0B       		.uleb128 0xb
 426 0007 03       		.uleb128 0x3
 427 0008 0E       		.uleb128 0xe
 428 0009 1B       		.uleb128 0x1b
 429 000a 0E       		.uleb128 0xe
 430 000b 55       		.uleb128 0x55
 431 000c 06       		.uleb128 0x6
 432 000d 11       		.uleb128 0x11
 433 000e 01       		.uleb128 0x1
 434 000f 52       		.uleb128 0x52
 435 0010 01       		.uleb128 0x1
 436 0011 10       		.uleb128 0x10
 437 0012 06       		.uleb128 0x6
 438 0013 00       		.byte	0
 439 0014 00       		.byte	0
 440 0015 02       		.uleb128 0x2
 441 0016 24       		.uleb128 0x24
 442 0017 00       		.byte	0
 443 0018 0B       		.uleb128 0xb
 444 0019 0B       		.uleb128 0xb
 445 001a 3E       		.uleb128 0x3e
 446 001b 0B       		.uleb128 0xb
 447 001c 03       		.uleb128 0x3
 448 001d 0E       		.uleb128 0xe
 449 001e 00       		.byte	0
 450 001f 00       		.byte	0
 451 0020 03       		.uleb128 0x3
 452 0021 16       		.uleb128 0x16
 453 0022 00       		.byte	0
 454 0023 03       		.uleb128 0x3
 455 0024 0E       		.uleb128 0xe
 456 0025 3A       		.uleb128 0x3a
GAS LISTING C:\Users\Vipuls\AppData\Local\Temp\cclZIOYA.s 			page 9


 457 0026 0B       		.uleb128 0xb
 458 0027 3B       		.uleb128 0x3b
 459 0028 0B       		.uleb128 0xb
 460 0029 49       		.uleb128 0x49
 461 002a 13       		.uleb128 0x13
 462 002b 00       		.byte	0
 463 002c 00       		.byte	0
 464 002d 04       		.uleb128 0x4
 465 002e 24       		.uleb128 0x24
 466 002f 00       		.byte	0
 467 0030 0B       		.uleb128 0xb
 468 0031 0B       		.uleb128 0xb
 469 0032 3E       		.uleb128 0x3e
 470 0033 0B       		.uleb128 0xb
 471 0034 03       		.uleb128 0x3
 472 0035 08       		.uleb128 0x8
 473 0036 00       		.byte	0
 474 0037 00       		.byte	0
 475 0038 05       		.uleb128 0x5
 476 0039 13       		.uleb128 0x13
 477 003a 01       		.byte	0x1
 478 003b 0B       		.uleb128 0xb
 479 003c 0B       		.uleb128 0xb
 480 003d 3A       		.uleb128 0x3a
 481 003e 0B       		.uleb128 0xb
 482 003f 3B       		.uleb128 0x3b
 483 0040 0B       		.uleb128 0xb
 484 0041 01       		.uleb128 0x1
 485 0042 13       		.uleb128 0x13
 486 0043 00       		.byte	0
 487 0044 00       		.byte	0
 488 0045 06       		.uleb128 0x6
 489 0046 0D       		.uleb128 0xd
 490 0047 00       		.byte	0
 491 0048 03       		.uleb128 0x3
 492 0049 0E       		.uleb128 0xe
 493 004a 3A       		.uleb128 0x3a
 494 004b 0B       		.uleb128 0xb
 495 004c 3B       		.uleb128 0x3b
 496 004d 0B       		.uleb128 0xb
 497 004e 49       		.uleb128 0x49
 498 004f 13       		.uleb128 0x13
 499 0050 38       		.uleb128 0x38
 500 0051 0A       		.uleb128 0xa
 501 0052 00       		.byte	0
 502 0053 00       		.byte	0
 503 0054 07       		.uleb128 0x7
 504 0055 0F       		.uleb128 0xf
 505 0056 00       		.byte	0
 506 0057 0B       		.uleb128 0xb
 507 0058 0B       		.uleb128 0xb
 508 0059 49       		.uleb128 0x49
 509 005a 13       		.uleb128 0x13
 510 005b 00       		.byte	0
 511 005c 00       		.byte	0
 512 005d 08       		.uleb128 0x8
 513 005e 2E       		.uleb128 0x2e
GAS LISTING C:\Users\Vipuls\AppData\Local\Temp\cclZIOYA.s 			page 10


 514 005f 01       		.byte	0x1
 515 0060 3F       		.uleb128 0x3f
 516 0061 0C       		.uleb128 0xc
 517 0062 03       		.uleb128 0x3
 518 0063 0E       		.uleb128 0xe
 519 0064 3A       		.uleb128 0x3a
 520 0065 0B       		.uleb128 0xb
 521 0066 3B       		.uleb128 0x3b
 522 0067 0B       		.uleb128 0xb
 523 0068 27       		.uleb128 0x27
 524 0069 0C       		.uleb128 0xc
 525 006a 11       		.uleb128 0x11
 526 006b 01       		.uleb128 0x1
 527 006c 12       		.uleb128 0x12
 528 006d 01       		.uleb128 0x1
 529 006e 40       		.uleb128 0x40
 530 006f 0A       		.uleb128 0xa
 531 0070 9742     		.uleb128 0x2117
 532 0072 0C       		.uleb128 0xc
 533 0073 01       		.uleb128 0x1
 534 0074 13       		.uleb128 0x13
 535 0075 00       		.byte	0
 536 0076 00       		.byte	0
 537 0077 09       		.uleb128 0x9
 538 0078 898201   		.uleb128 0x4109
 539 007b 01       		.byte	0x1
 540 007c 11       		.uleb128 0x11
 541 007d 01       		.uleb128 0x1
 542 007e 9542     		.uleb128 0x2115
 543 0080 0C       		.uleb128 0xc
 544 0081 31       		.uleb128 0x31
 545 0082 13       		.uleb128 0x13
 546 0083 00       		.byte	0
 547 0084 00       		.byte	0
 548 0085 0A       		.uleb128 0xa
 549 0086 8A8201   		.uleb128 0x410a
 550 0089 00       		.byte	0
 551 008a 02       		.uleb128 0x2
 552 008b 0A       		.uleb128 0xa
 553 008c 9142     		.uleb128 0x2111
 554 008e 0A       		.uleb128 0xa
 555 008f 00       		.byte	0
 556 0090 00       		.byte	0
 557 0091 0B       		.uleb128 0xb
 558 0092 01       		.uleb128 0x1
 559 0093 01       		.byte	0x1
 560 0094 49       		.uleb128 0x49
 561 0095 13       		.uleb128 0x13
 562 0096 01       		.uleb128 0x1
 563 0097 13       		.uleb128 0x13
 564 0098 00       		.byte	0
 565 0099 00       		.byte	0
 566 009a 0C       		.uleb128 0xc
 567 009b 21       		.uleb128 0x21
 568 009c 00       		.byte	0
 569 009d 49       		.uleb128 0x49
 570 009e 13       		.uleb128 0x13
GAS LISTING C:\Users\Vipuls\AppData\Local\Temp\cclZIOYA.s 			page 11


 571 009f 2F       		.uleb128 0x2f
 572 00a0 0B       		.uleb128 0xb
 573 00a1 00       		.byte	0
 574 00a2 00       		.byte	0
 575 00a3 0D       		.uleb128 0xd
 576 00a4 34       		.uleb128 0x34
 577 00a5 00       		.byte	0
 578 00a6 03       		.uleb128 0x3
 579 00a7 0E       		.uleb128 0xe
 580 00a8 3A       		.uleb128 0x3a
 581 00a9 0B       		.uleb128 0xb
 582 00aa 3B       		.uleb128 0x3b
 583 00ab 0B       		.uleb128 0xb
 584 00ac 49       		.uleb128 0x49
 585 00ad 13       		.uleb128 0x13
 586 00ae 02       		.uleb128 0x2
 587 00af 0A       		.uleb128 0xa
 588 00b0 00       		.byte	0
 589 00b1 00       		.byte	0
 590 00b2 0E       		.uleb128 0xe
 591 00b3 2E       		.uleb128 0x2e
 592 00b4 01       		.byte	0x1
 593 00b5 3F       		.uleb128 0x3f
 594 00b6 0C       		.uleb128 0xc
 595 00b7 03       		.uleb128 0x3
 596 00b8 0E       		.uleb128 0xe
 597 00b9 3A       		.uleb128 0x3a
 598 00ba 0B       		.uleb128 0xb
 599 00bb 3B       		.uleb128 0x3b
 600 00bc 05       		.uleb128 0x5
 601 00bd 27       		.uleb128 0x27
 602 00be 0C       		.uleb128 0xc
 603 00bf 3C       		.uleb128 0x3c
 604 00c0 0C       		.uleb128 0xc
 605 00c1 01       		.uleb128 0x1
 606 00c2 13       		.uleb128 0x13
 607 00c3 00       		.byte	0
 608 00c4 00       		.byte	0
 609 00c5 0F       		.uleb128 0xf
 610 00c6 05       		.uleb128 0x5
 611 00c7 00       		.byte	0
 612 00c8 49       		.uleb128 0x49
 613 00c9 13       		.uleb128 0x13
 614 00ca 00       		.byte	0
 615 00cb 00       		.byte	0
 616 00cc 00       		.byte	0
 617              		.section	.debug_aranges,"",@progbits
 618 0000 0000001C 		.4byte	0x1c
 619 0004 0002     		.2byte	0x2
 620 0006 00000000 		.4byte	.Ldebug_info0
 621 000a 04       		.byte	0x4
 622 000b 00       		.byte	0
 623 000c 0000     		.2byte	0
 624 000e 0000     		.2byte	0
 625 0010 00000000 		.4byte	.LFB2
 626 0014 0000000C 		.4byte	.LFE2-.LFB2
 627 0018 00000000 		.4byte	0
GAS LISTING C:\Users\Vipuls\AppData\Local\Temp\cclZIOYA.s 			page 12


 628 001c 00000000 		.4byte	0
 629              		.section	.debug_ranges,"",@progbits
 630              	.Ldebug_ranges0:
 631 0000 00000000 		.4byte	.LFB2
 632 0004 00000000 		.4byte	.LFE2
 633 0008 00000000 		.4byte	0
 634 000c 00000000 		.4byte	0
 635              		.section	.debug_line,"",@progbits
 636              	.Ldebug_line0:
 637 0000 00000207 		.section	.debug_str,"MS",@progbits,1
 637      00020000 
 637      01EF0201 
 637      FB0E0D00 
 637      01010101 
 638              	.LASF2:
 639 0000 5F5F7569 		.string	"__uint8_t"
 639      6E74385F 
 639      7400
 640              	.LASF3:
 641 000a 5F5F696E 		.string	"__int16_t"
 641      7431365F 
 641      7400
 642              	.LASF18:
 643 0014 76616C75 		.string	"value"
 643      6500
 644              	.LASF16:
 645 001a 696F6D6F 		.string	"iomode_t"
 645      64655F74 
 645      00
 646              	.LASF1:
 647 0023 756E7369 		.string	"unsigned char"
 647      676E6564 
 647      20636861 
 647      7200
 648              	.LASF8:
 649 0031 6C6F6E67 		.string	"long unsigned int"
 649      20756E73 
 649      69676E65 
 649      6420696E 
 649      7400
 650              	.LASF5:
 651 0043 73686F72 		.string	"short unsigned int"
 651      7420756E 
 651      7369676E 
 651      65642069 
 651      6E7400
 652              	.LASF29:
 653 0056 2E2F636F 		.string	"./components/spc58ecxx_board_initialization_component_rla/cfg/board.c"
 653      6D706F6E 
 653      656E7473 
 653      2F737063 
 653      35386563 
 654              	.LASF20:
 655 009c 7370635F 		.string	"spc_mscr_io_init_t"
 655      6D736372 
 655      5F696F5F 
 655      696E6974 
GAS LISTING C:\Users\Vipuls\AppData\Local\Temp\cclZIOYA.s 			page 13


 655      5F7400
 656              	.LASF25:
 657 00af 7370635F 		.string	"spc_mscr_io_init"
 657      6D736372 
 657      5F696F5F 
 657      696E6974 
 657      00
 658              	.LASF24:
 659 00c0 50414C43 		.string	"PALConfig"
 659      6F6E6669 
 659      6700
 660              	.LASF28:
 661 00ca 474E5520 		.ascii	"GNU C 4.9.4 20160726 (Sat May 27 11:09:55 CDT 2017         b"
 661      4320342E 
 661      392E3420 
 661      32303136 
 661      30373236 
 662 0106 75696C64 		.ascii	"uild.sh"
 662      2E7368
 663 010d 20726576 		.string	" rev=gd8b6c20 s=F494 ELe200 -V release_gd8b6c20_build_Fed_ELe200_ML0) -mcall-sysv -mcpu=e
 663      3D676438 
 663      62366332 
 663      3020733D 
 663      46343934 
 664              	.LASF7:
 665 020e 5F5F7569 		.string	"__uint32_t"
 665      6E743332 
 665      5F7400
 666              	.LASF27:
 667 0219 70616C5F 		.string	"pal_default_config"
 667      64656661 
 667      756C745F 
 667      636F6E66 
 667      696700
 668              	.LASF11:
 669 022c 756E7369 		.string	"unsigned int"
 669      676E6564 
 669      20696E74 
 669      00
 670              	.LASF10:
 671 0239 6C6F6E67 		.string	"long long unsigned int"
 671      206C6F6E 
 671      6720756E 
 671      7369676E 
 671      65642069 
 672              	.LASF12:
 673 0250 75696E74 		.string	"uint8_t"
 673      385F7400 
 674              	.LASF31:
 675 0258 626F6172 		.string	"boardInit"
 675      64496E69 
 675      7400
 676              	.LASF13:
 677 0262 696E7431 		.string	"int16_t"
 677      365F7400 
 678              	.LASF22:
 679 026a 6D736372 		.string	"mscr_io"
GAS LISTING C:\Users\Vipuls\AppData\Local\Temp\cclZIOYA.s 			page 14


 679      5F696F00 
 680              	.LASF15:
 681 0272 73697A65 		.string	"sizetype"
 681      74797065 
 681      00
 682              	.LASF21:
 683 027b 7370635F 		.string	"spc_mscr_mux_init_t"
 683      6D736372 
 683      5F6D7578 
 683      5F696E69 
 683      745F7400 
 684              	.LASF9:
 685 028f 6C6F6E67 		.string	"long long int"
 685      206C6F6E 
 685      6720696E 
 685      7400
 686              	.LASF23:
 687 029d 6D736372 		.string	"mscr_mux"
 687      5F6D7578 
 687      00
 688              	.LASF17:
 689 02a6 696E6465 		.string	"index"
 689      7800
 690              	.LASF26:
 691 02ac 7370635F 		.string	"spc_mscr_mux_init"
 691      6D736372 
 691      5F6D7578 
 691      5F696E69 
 691      7400
 692              	.LASF19:
 693 02be 6770646F 		.string	"gpdo"
 693      00
 694              	.LASF4:
 695 02c3 73686F72 		.string	"short int"
 695      7420696E 
 695      7400
 696              	.LASF14:
 697 02cd 75696E74 		.string	"uint32_t"
 697      33325F74 
 697      00
 698              	.LASF6:
 699 02d6 6C6F6E67 		.string	"long int"
 699      20696E74 
 699      00
 700              	.LASF0:
 701 02df 7369676E 		.string	"signed char"
 701      65642063 
 701      68617200 
 702              	.LASF32:
 703 02eb 70616C5F 		.string	"pal_init"
 703      696E6974 
 703      00
 704              	.LASF30:
 705 02f4 443A5C53 		.string	"D:\\Study\\Y1\\Work\\RCVD\\Autodev\\Slave_L9963E\\SPC58EC - Combined_Application_v1"
 705      74756479 
 705      5C59315C 
 705      576F726B 
GAS LISTING C:\Users\Vipuls\AppData\Local\Temp\cclZIOYA.s 			page 15


 705      5C524356 
 706              		.ident	"GCC: (GNU) 4.9.4 20160726 (Sat May 27 11:09:55 CDT 2017         build.sh rev=gd8b6c20 s=F4
GAS LISTING C:\Users\Vipuls\AppData\Local\Temp\cclZIOYA.s 			page 16


DEFINED SYMBOLS
                            *ABS*:00000000 board.c
C:\Users\Vipuls\AppData\Local\Temp\cclZIOYA.s:10     .text.boardInit:00000000 boardInit
C:\Users\Vipuls\AppData\Local\Temp\cclZIOYA.s:29     .data.spc_mscr_io_init:00000000 spc_mscr_io_init
C:\Users\Vipuls\AppData\Local\Temp\cclZIOYA.s:125    .data.pal_default_config:00000000 pal_default_config
C:\Users\Vipuls\AppData\Local\Temp\cclZIOYA.s:132    .data.spc_mscr_mux_init:00000000 spc_mscr_mux_init

UNDEFINED SYMBOLS
pal_init
