GAS LISTING C:\Users\Vipuls\AppData\Local\Temp\cc9LcLw9.s 			page 1


   1              		.file	"spc5_lld.c"
   2              		.section	".text","axv"
   3              	.Ltext0:
   4              		.cfi_sections	.debug_frame
   5              		.section	.text.spc5LLDInit,"axv",@progbits
   6              		.align 1
   7              		.p2align 4,,15
   8              		.globl spc5LLDInit
   9              		.type	spc5LLDInit, @function
  10              	spc5LLDInit:
  11              	.LFB3:
  12              		.file 1 "./components/spc58ecxx_low_level_drivers_component_rla/lib/src/spc5_lld.c"
  13              		.loc 1 43 0
  14              		.cfi_startproc
  15 0000 182106F8 		e_stwu %r1,-8(%r1)
  16              	.LCFI0:
  17              		.cfi_def_cfa_offset 8
  18 0004 0080     		se_mflr %r0
  19 0006 D301     		se_stw %r0,12(%r1)
  20              		.cfi_offset 65, 4
  21              		.loc 1 46 0
  22 0008 78000001 		e_bl edmaInit
  23              	.LVL0:
  24              		.loc 1 49 0
  25 000c 78000001 		e_bl pit_lld_init
  26              	.LVL1:
  27              		.loc 1 55 0
  28 0010 78000001 		e_bl sd_lld_init
  29              	.LVL2:
  30              		.loc 1 70 0
  31 0014 78000001 		e_bl can_lld_init
  32              	.LVL3:
  33              		.loc 1 73 0
  34 0018 78000001 		e_bl spi_lld_init
  35              	.LVL4:
  36              		.loc 1 120 0
  37 001c C301     		se_lwz %r0,12(%r1)
  38 001e 0090     		se_mtlr %r0
  39              		.cfi_restore 65
  40 0020 2071     		se_addi %r1,8
  41              	.LCFI1:
  42              		.cfi_def_cfa_offset 0
  43              		.loc 1 103 0
  44 0022 78000000 		e_b wkpu_lld_init
  45              	.LVL5:
  46              		.cfi_endproc
  47              	.LFE3:
  48              		.size	spc5LLDInit, .-spc5LLDInit
  49              		.section	".text","axv"
  50              	.Letext0:
  51              		.file 2 "./components/spc58ecxx_low_level_drivers_component_rla/lib/include/spc5_edma.h"
  52              		.file 3 "./components/spc58ecxx_low_level_drivers_component_rla/lib/include/pit_lld.h"
  53              		.file 4 "./components/spc58ecxx_low_level_drivers_component_rla/lib/include/serial_lld.h"
  54              		.file 5 "./components/spc58ecxx_low_level_drivers_component_rla/lib/include/can_lld.h"
  55              		.file 6 "./components/spc58ecxx_low_level_drivers_component_rla/lib/include/spi_lld.h"
  56              		.file 7 "./components/spc58ecxx_low_level_drivers_component_rla/lib/include/wkpu_lld.h"
  57              		.section	.debug_info,"",@progbits
GAS LISTING C:\Users\Vipuls\AppData\Local\Temp\cc9LcLw9.s 			page 2


  58              	.Ldebug_info0:
  59 0000 00000107 		.4byte	0x107
  60 0004 0002     		.2byte	0x2
  61 0006 00000000 		.4byte	.Ldebug_abbrev0
  62 000a 04       		.byte	0x4
  63 000b 01       		.uleb128 0x1
  64 000c 00000000 		.4byte	.LASF16
  65 0010 01       		.byte	0x1
  66 0011 00000000 		.4byte	.LASF17
  67 0015 00000000 		.4byte	.LASF18
  68 0019 00000000 		.4byte	.Ldebug_ranges0+0
  69 001d 00000000 		.4byte	0
  70 0021 00000000 		.4byte	0
  71 0025 00000000 		.4byte	.Ldebug_line0
  72 0029 02       		.uleb128 0x2
  73 002a 01       		.byte	0x1
  74 002b 06       		.byte	0x6
  75 002c 00000000 		.4byte	.LASF0
  76 0030 02       		.uleb128 0x2
  77 0031 01       		.byte	0x1
  78 0032 08       		.byte	0x8
  79 0033 00000000 		.4byte	.LASF1
  80 0037 02       		.uleb128 0x2
  81 0038 02       		.byte	0x2
  82 0039 05       		.byte	0x5
  83 003a 00000000 		.4byte	.LASF2
  84 003e 02       		.uleb128 0x2
  85 003f 02       		.byte	0x2
  86 0040 07       		.byte	0x7
  87 0041 00000000 		.4byte	.LASF3
  88 0045 02       		.uleb128 0x2
  89 0046 04       		.byte	0x4
  90 0047 05       		.byte	0x5
  91 0048 00000000 		.4byte	.LASF4
  92 004c 02       		.uleb128 0x2
  93 004d 04       		.byte	0x4
  94 004e 07       		.byte	0x7
  95 004f 00000000 		.4byte	.LASF5
  96 0053 02       		.uleb128 0x2
  97 0054 08       		.byte	0x8
  98 0055 05       		.byte	0x5
  99 0056 00000000 		.4byte	.LASF6
 100 005a 02       		.uleb128 0x2
 101 005b 08       		.byte	0x8
 102 005c 07       		.byte	0x7
 103 005d 00000000 		.4byte	.LASF7
 104 0061 03       		.uleb128 0x3
 105 0062 04       		.byte	0x4
 106 0063 05       		.byte	0x5
 107 0064 696E7400 		.string	"int"
 108 0068 02       		.uleb128 0x2
 109 0069 04       		.byte	0x4
 110 006a 07       		.byte	0x7
 111 006b 00000000 		.4byte	.LASF8
 112 006f 02       		.uleb128 0x2
 113 0070 04       		.byte	0x4
 114 0071 07       		.byte	0x7
GAS LISTING C:\Users\Vipuls\AppData\Local\Temp\cc9LcLw9.s 			page 3


 115 0072 00000000 		.4byte	.LASF9
 116 0076 04       		.uleb128 0x4
 117 0077 01       		.byte	0x1
 118 0078 00000000 		.4byte	.LASF19
 119 007c 01       		.byte	0x1
 120 007d 2B       		.byte	0x2b
 121 007e 01       		.byte	0x1
 122 007f 00000000 		.4byte	.LFB3
 123 0083 00000000 		.4byte	.LFE3
 124 0087 00000000 		.4byte	.LLST0
 125 008b 01       		.byte	0x1
 126 008c 000000C8 		.4byte	0xc8
 127 0090 05       		.uleb128 0x5
 128 0091 00000000 		.4byte	.LVL0
 129 0095 000000C8 		.4byte	0xc8
 130 0099 05       		.uleb128 0x5
 131 009a 00000000 		.4byte	.LVL1
 132 009e 000000D3 		.4byte	0xd3
 133 00a2 05       		.uleb128 0x5
 134 00a3 00000000 		.4byte	.LVL2
 135 00a7 000000DE 		.4byte	0xde
 136 00ab 05       		.uleb128 0x5
 137 00ac 00000000 		.4byte	.LVL3
 138 00b0 000000E9 		.4byte	0xe9
 139 00b4 05       		.uleb128 0x5
 140 00b5 00000000 		.4byte	.LVL4
 141 00b9 000000F4 		.4byte	0xf4
 142 00bd 06       		.uleb128 0x6
 143 00be 00000000 		.4byte	.LVL5
 144 00c2 01       		.byte	0x1
 145 00c3 000000FF 		.4byte	0xff
 146 00c7 00       		.byte	0
 147 00c8 07       		.uleb128 0x7
 148 00c9 01       		.byte	0x1
 149 00ca 00000000 		.4byte	.LASF10
 150 00ce 02       		.byte	0x2
 151 00cf 04D9     		.2byte	0x4d9
 152 00d1 01       		.byte	0x1
 153 00d2 01       		.byte	0x1
 154 00d3 07       		.uleb128 0x7
 155 00d4 01       		.byte	0x1
 156 00d5 00000000 		.4byte	.LASF11
 157 00d9 03       		.byte	0x3
 158 00da 01A2     		.2byte	0x1a2
 159 00dc 01       		.byte	0x1
 160 00dd 01       		.byte	0x1
 161 00de 07       		.uleb128 0x7
 162 00df 01       		.byte	0x1
 163 00e0 00000000 		.4byte	.LASF12
 164 00e4 04       		.byte	0x4
 165 00e5 01A5     		.2byte	0x1a5
 166 00e7 01       		.byte	0x1
 167 00e8 01       		.byte	0x1
 168 00e9 07       		.uleb128 0x7
 169 00ea 01       		.byte	0x1
 170 00eb 00000000 		.4byte	.LASF13
 171 00ef 05       		.byte	0x5
GAS LISTING C:\Users\Vipuls\AppData\Local\Temp\cc9LcLw9.s 			page 4


 172 00f0 0327     		.2byte	0x327
 173 00f2 01       		.byte	0x1
 174 00f3 01       		.byte	0x1
 175 00f4 07       		.uleb128 0x7
 176 00f5 01       		.byte	0x1
 177 00f6 00000000 		.4byte	.LASF14
 178 00fa 06       		.byte	0x6
 179 00fb 043E     		.2byte	0x43e
 180 00fd 01       		.byte	0x1
 181 00fe 01       		.byte	0x1
 182 00ff 07       		.uleb128 0x7
 183 0100 01       		.byte	0x1
 184 0101 00000000 		.4byte	.LASF15
 185 0105 07       		.byte	0x7
 186 0106 0123     		.2byte	0x123
 187 0108 01       		.byte	0x1
 188 0109 01       		.byte	0x1
 189 010a 00       		.byte	0
 190              		.section	.debug_abbrev,"",@progbits
 191              	.Ldebug_abbrev0:
 192 0000 01       		.uleb128 0x1
 193 0001 11       		.uleb128 0x11
 194 0002 01       		.byte	0x1
 195 0003 25       		.uleb128 0x25
 196 0004 0E       		.uleb128 0xe
 197 0005 13       		.uleb128 0x13
 198 0006 0B       		.uleb128 0xb
 199 0007 03       		.uleb128 0x3
 200 0008 0E       		.uleb128 0xe
 201 0009 1B       		.uleb128 0x1b
 202 000a 0E       		.uleb128 0xe
 203 000b 55       		.uleb128 0x55
 204 000c 06       		.uleb128 0x6
 205 000d 11       		.uleb128 0x11
 206 000e 01       		.uleb128 0x1
 207 000f 52       		.uleb128 0x52
 208 0010 01       		.uleb128 0x1
 209 0011 10       		.uleb128 0x10
 210 0012 06       		.uleb128 0x6
 211 0013 00       		.byte	0
 212 0014 00       		.byte	0
 213 0015 02       		.uleb128 0x2
 214 0016 24       		.uleb128 0x24
 215 0017 00       		.byte	0
 216 0018 0B       		.uleb128 0xb
 217 0019 0B       		.uleb128 0xb
 218 001a 3E       		.uleb128 0x3e
 219 001b 0B       		.uleb128 0xb
 220 001c 03       		.uleb128 0x3
 221 001d 0E       		.uleb128 0xe
 222 001e 00       		.byte	0
 223 001f 00       		.byte	0
 224 0020 03       		.uleb128 0x3
 225 0021 24       		.uleb128 0x24
 226 0022 00       		.byte	0
 227 0023 0B       		.uleb128 0xb
 228 0024 0B       		.uleb128 0xb
GAS LISTING C:\Users\Vipuls\AppData\Local\Temp\cc9LcLw9.s 			page 5


 229 0025 3E       		.uleb128 0x3e
 230 0026 0B       		.uleb128 0xb
 231 0027 03       		.uleb128 0x3
 232 0028 08       		.uleb128 0x8
 233 0029 00       		.byte	0
 234 002a 00       		.byte	0
 235 002b 04       		.uleb128 0x4
 236 002c 2E       		.uleb128 0x2e
 237 002d 01       		.byte	0x1
 238 002e 3F       		.uleb128 0x3f
 239 002f 0C       		.uleb128 0xc
 240 0030 03       		.uleb128 0x3
 241 0031 0E       		.uleb128 0xe
 242 0032 3A       		.uleb128 0x3a
 243 0033 0B       		.uleb128 0xb
 244 0034 3B       		.uleb128 0x3b
 245 0035 0B       		.uleb128 0xb
 246 0036 27       		.uleb128 0x27
 247 0037 0C       		.uleb128 0xc
 248 0038 11       		.uleb128 0x11
 249 0039 01       		.uleb128 0x1
 250 003a 12       		.uleb128 0x12
 251 003b 01       		.uleb128 0x1
 252 003c 40       		.uleb128 0x40
 253 003d 06       		.uleb128 0x6
 254 003e 9742     		.uleb128 0x2117
 255 0040 0C       		.uleb128 0xc
 256 0041 01       		.uleb128 0x1
 257 0042 13       		.uleb128 0x13
 258 0043 00       		.byte	0
 259 0044 00       		.byte	0
 260 0045 05       		.uleb128 0x5
 261 0046 898201   		.uleb128 0x4109
 262 0049 00       		.byte	0
 263 004a 11       		.uleb128 0x11
 264 004b 01       		.uleb128 0x1
 265 004c 31       		.uleb128 0x31
 266 004d 13       		.uleb128 0x13
 267 004e 00       		.byte	0
 268 004f 00       		.byte	0
 269 0050 06       		.uleb128 0x6
 270 0051 898201   		.uleb128 0x4109
 271 0054 00       		.byte	0
 272 0055 11       		.uleb128 0x11
 273 0056 01       		.uleb128 0x1
 274 0057 9542     		.uleb128 0x2115
 275 0059 0C       		.uleb128 0xc
 276 005a 31       		.uleb128 0x31
 277 005b 13       		.uleb128 0x13
 278 005c 00       		.byte	0
 279 005d 00       		.byte	0
 280 005e 07       		.uleb128 0x7
 281 005f 2E       		.uleb128 0x2e
 282 0060 00       		.byte	0
 283 0061 3F       		.uleb128 0x3f
 284 0062 0C       		.uleb128 0xc
 285 0063 03       		.uleb128 0x3
GAS LISTING C:\Users\Vipuls\AppData\Local\Temp\cc9LcLw9.s 			page 6


 286 0064 0E       		.uleb128 0xe
 287 0065 3A       		.uleb128 0x3a
 288 0066 0B       		.uleb128 0xb
 289 0067 3B       		.uleb128 0x3b
 290 0068 05       		.uleb128 0x5
 291 0069 27       		.uleb128 0x27
 292 006a 0C       		.uleb128 0xc
 293 006b 3C       		.uleb128 0x3c
 294 006c 0C       		.uleb128 0xc
 295 006d 00       		.byte	0
 296 006e 00       		.byte	0
 297 006f 00       		.byte	0
 298              		.section	.debug_loc,"",@progbits
 299              	.Ldebug_loc0:
 300              	.LLST0:
 301 0000 00000000 		.4byte	.LFB3
 302 0004 00000000 		.4byte	.LCFI0
 303 0008 0002     		.2byte	0x2
 304 000a 71       		.byte	0x71
 305 000b 00       		.sleb128 0
 306 000c 00000000 		.4byte	.LCFI0
 307 0010 00000000 		.4byte	.LCFI1
 308 0014 0002     		.2byte	0x2
 309 0016 71       		.byte	0x71
 310 0017 08       		.sleb128 8
 311 0018 00000000 		.4byte	.LCFI1
 312 001c 00000000 		.4byte	.LFE3
 313 0020 0002     		.2byte	0x2
 314 0022 71       		.byte	0x71
 315 0023 00       		.sleb128 0
 316 0024 00000000 		.4byte	0
 317 0028 00000000 		.4byte	0
 318              		.section	.debug_aranges,"",@progbits
 319 0000 0000001C 		.4byte	0x1c
 320 0004 0002     		.2byte	0x2
 321 0006 00000000 		.4byte	.Ldebug_info0
 322 000a 04       		.byte	0x4
 323 000b 00       		.byte	0
 324 000c 0000     		.2byte	0
 325 000e 0000     		.2byte	0
 326 0010 00000000 		.4byte	.LFB3
 327 0014 00000026 		.4byte	.LFE3-.LFB3
 328 0018 00000000 		.4byte	0
 329 001c 00000000 		.4byte	0
 330              		.section	.debug_ranges,"",@progbits
 331              	.Ldebug_ranges0:
 332 0000 00000000 		.4byte	.LFB3
 333 0004 00000000 		.4byte	.LFE3
 334 0008 00000000 		.4byte	0
 335 000c 00000000 		.4byte	0
 336              		.section	.debug_line,"",@progbits
 337              	.Ldebug_line0:
 338 0000 00000119 		.section	.debug_str,"MS",@progbits,1
 338      00020000 
 338      00F70201 
 338      FB0E0D00 
 338      01010101 
GAS LISTING C:\Users\Vipuls\AppData\Local\Temp\cc9LcLw9.s 			page 7


 339              	.LASF6:
 340 0000 6C6F6E67 		.string	"long long int"
 340      206C6F6E 
 340      6720696E 
 340      7400
 341              	.LASF8:
 342 000e 756E7369 		.string	"unsigned int"
 342      676E6564 
 342      20696E74 
 342      00
 343              	.LASF10:
 344 001b 65646D61 		.string	"edmaInit"
 344      496E6974 
 344      00
 345              	.LASF0:
 346 0024 7369676E 		.string	"signed char"
 346      65642063 
 346      68617200 
 347              	.LASF14:
 348 0030 7370695F 		.string	"spi_lld_init"
 348      6C6C645F 
 348      696E6974 
 348      00
 349              	.LASF7:
 350 003d 6C6F6E67 		.string	"long long unsigned int"
 350      206C6F6E 
 350      6720756E 
 350      7369676E 
 350      65642069 
 351              	.LASF17:
 352 0054 2E2F636F 		.string	"./components/spc58ecxx_low_level_drivers_component_rla/lib/src/spc5_lld.c"
 352      6D706F6E 
 352      656E7473 
 352      2F737063 
 352      35386563 
 353              	.LASF1:
 354 009e 756E7369 		.string	"unsigned char"
 354      676E6564 
 354      20636861 
 354      7200
 355              	.LASF13:
 356 00ac 63616E5F 		.string	"can_lld_init"
 356      6C6C645F 
 356      696E6974 
 356      00
 357              	.LASF18:
 358 00b9 443A5C53 		.string	"D:\\Study\\Y1\\Work\\RCVD\\Autodev\\Slave_L9963E\\SPC58EC - Combined_Application_v1"
 358      74756479 
 358      5C59315C 
 358      576F726B 
 358      5C524356 
 359              	.LASF12:
 360 0106 73645F6C 		.string	"sd_lld_init"
 360      6C645F69 
 360      6E697400 
 361              	.LASF4:
 362 0112 6C6F6E67 		.string	"long int"
GAS LISTING C:\Users\Vipuls\AppData\Local\Temp\cc9LcLw9.s 			page 8


 362      20696E74 
 362      00
 363              	.LASF5:
 364 011b 6C6F6E67 		.string	"long unsigned int"
 364      20756E73 
 364      69676E65 
 364      6420696E 
 364      7400
 365              	.LASF15:
 366 012d 776B7075 		.string	"wkpu_lld_init"
 366      5F6C6C64 
 366      5F696E69 
 366      7400
 367              	.LASF3:
 368 013b 73686F72 		.string	"short unsigned int"
 368      7420756E 
 368      7369676E 
 368      65642069 
 368      6E7400
 369              	.LASF11:
 370 014e 7069745F 		.string	"pit_lld_init"
 370      6C6C645F 
 370      696E6974 
 370      00
 371              	.LASF9:
 372 015b 73697A65 		.string	"sizetype"
 372      74797065 
 372      00
 373              	.LASF2:
 374 0164 73686F72 		.string	"short int"
 374      7420696E 
 374      7400
 375              	.LASF19:
 376 016e 73706335 		.string	"spc5LLDInit"
 376      4C4C4449 
 376      6E697400 
 377              	.LASF16:
 378 017a 474E5520 		.ascii	"GNU C 4.9.4 20160726 (Sat May 27 11:09:55 CDT 2017         b"
 378      4320342E 
 378      392E3420 
 378      32303136 
 378      30373236 
 379 01b6 75696C64 		.ascii	"uild.sh"
 379      2E7368
 380 01bd 20726576 		.string	" rev=gd8b6c20 s=F494 ELe200 -V release_gd8b6c20_build_Fed_ELe200_ML0) -mcall-sysv -mcpu=e
 380      3D676438 
 380      62366332 
 380      3020733D 
 380      46343934 
 381              		.ident	"GCC: (GNU) 4.9.4 20160726 (Sat May 27 11:09:55 CDT 2017         build.sh rev=gd8b6c20 s=F4
GAS LISTING C:\Users\Vipuls\AppData\Local\Temp\cc9LcLw9.s 			page 9


DEFINED SYMBOLS
                            *ABS*:00000000 spc5_lld.c
C:\Users\Vipuls\AppData\Local\Temp\cc9LcLw9.s:10     .text.spc5LLDInit:00000000 spc5LLDInit

UNDEFINED SYMBOLS
edmaInit
pit_lld_init
sd_lld_init
can_lld_init
spi_lld_init
wkpu_lld_init
