GAS LISTING C:\Users\Vipuls\AppData\Local\Temp\cctTTr7J.s 			page 1


   1              		.file	"swirq_cfg.c"
   2              		.section	".text","axv"
   3              	.Ltext0:
   4              		.cfi_sections	.debug_frame
   5              		.section	.text.swirq_init_prio,"axv",@progbits
   6              		.align 1
   7              		.p2align 4,,15
   8              		.globl swirq_init_prio
   9              		.type	swirq_init_prio, @function
  10              	swirq_init_prio:
  11              	.LFB2:
  12              		.file 1 "./components/spc58ecxx_irq_component_rla/cfg/swirq_cfg.c"
  13              		.loc 1 54 0
  14              		.cfi_startproc
  15 0000 0004     		se_blr
  16              		.cfi_endproc
  17              	.LFE2:
  18              		.size	swirq_init_prio, .-swirq_init_prio
  19              		.section	".text","axv"
  20              	.Letext0:
  21              		.section	.debug_info,"",@progbits
  22              	.Ldebug_info0:
  23 0000 00000088 		.4byte	0x88
  24 0004 0002     		.2byte	0x2
  25 0006 00000000 		.4byte	.Ldebug_abbrev0
  26 000a 04       		.byte	0x4
  27 000b 01       		.uleb128 0x1
  28 000c 00000000 		.4byte	.LASF10
  29 0010 01       		.byte	0x1
  30 0011 00000000 		.4byte	.LASF11
  31 0015 00000000 		.4byte	.LASF12
  32 0019 00000000 		.4byte	.Ldebug_ranges0+0
  33 001d 00000000 		.4byte	0
  34 0021 00000000 		.4byte	0
  35 0025 00000000 		.4byte	.Ldebug_line0
  36 0029 02       		.uleb128 0x2
  37 002a 01       		.byte	0x1
  38 002b 06       		.byte	0x6
  39 002c 00000000 		.4byte	.LASF0
  40 0030 02       		.uleb128 0x2
  41 0031 01       		.byte	0x1
  42 0032 08       		.byte	0x8
  43 0033 00000000 		.4byte	.LASF1
  44 0037 02       		.uleb128 0x2
  45 0038 02       		.byte	0x2
  46 0039 05       		.byte	0x5
  47 003a 00000000 		.4byte	.LASF2
  48 003e 02       		.uleb128 0x2
  49 003f 02       		.byte	0x2
  50 0040 07       		.byte	0x7
  51 0041 00000000 		.4byte	.LASF3
  52 0045 02       		.uleb128 0x2
  53 0046 04       		.byte	0x4
  54 0047 05       		.byte	0x5
  55 0048 00000000 		.4byte	.LASF4
  56 004c 02       		.uleb128 0x2
  57 004d 04       		.byte	0x4
GAS LISTING C:\Users\Vipuls\AppData\Local\Temp\cctTTr7J.s 			page 2


  58 004e 07       		.byte	0x7
  59 004f 00000000 		.4byte	.LASF5
  60 0053 02       		.uleb128 0x2
  61 0054 08       		.byte	0x8
  62 0055 05       		.byte	0x5
  63 0056 00000000 		.4byte	.LASF6
  64 005a 02       		.uleb128 0x2
  65 005b 08       		.byte	0x8
  66 005c 07       		.byte	0x7
  67 005d 00000000 		.4byte	.LASF7
  68 0061 03       		.uleb128 0x3
  69 0062 04       		.byte	0x4
  70 0063 05       		.byte	0x5
  71 0064 696E7400 		.string	"int"
  72 0068 02       		.uleb128 0x2
  73 0069 04       		.byte	0x4
  74 006a 07       		.byte	0x7
  75 006b 00000000 		.4byte	.LASF8
  76 006f 02       		.uleb128 0x2
  77 0070 04       		.byte	0x4
  78 0071 07       		.byte	0x7
  79 0072 00000000 		.4byte	.LASF9
  80 0076 04       		.uleb128 0x4
  81 0077 01       		.byte	0x1
  82 0078 00000000 		.4byte	.LASF13
  83 007c 01       		.byte	0x1
  84 007d 36       		.byte	0x36
  85 007e 01       		.byte	0x1
  86 007f 00000000 		.4byte	.LFB2
  87 0083 00000000 		.4byte	.LFE2
  88 0087 02       		.byte	0x2
  89 0088 71       		.byte	0x71
  90 0089 00       		.sleb128 0
  91 008a 01       		.byte	0x1
  92 008b 00       		.byte	0
  93              		.section	.debug_abbrev,"",@progbits
  94              	.Ldebug_abbrev0:
  95 0000 01       		.uleb128 0x1
  96 0001 11       		.uleb128 0x11
  97 0002 01       		.byte	0x1
  98 0003 25       		.uleb128 0x25
  99 0004 0E       		.uleb128 0xe
 100 0005 13       		.uleb128 0x13
 101 0006 0B       		.uleb128 0xb
 102 0007 03       		.uleb128 0x3
 103 0008 0E       		.uleb128 0xe
 104 0009 1B       		.uleb128 0x1b
 105 000a 0E       		.uleb128 0xe
 106 000b 55       		.uleb128 0x55
 107 000c 06       		.uleb128 0x6
 108 000d 11       		.uleb128 0x11
 109 000e 01       		.uleb128 0x1
 110 000f 52       		.uleb128 0x52
 111 0010 01       		.uleb128 0x1
 112 0011 10       		.uleb128 0x10
 113 0012 06       		.uleb128 0x6
 114 0013 00       		.byte	0
GAS LISTING C:\Users\Vipuls\AppData\Local\Temp\cctTTr7J.s 			page 3


 115 0014 00       		.byte	0
 116 0015 02       		.uleb128 0x2
 117 0016 24       		.uleb128 0x24
 118 0017 00       		.byte	0
 119 0018 0B       		.uleb128 0xb
 120 0019 0B       		.uleb128 0xb
 121 001a 3E       		.uleb128 0x3e
 122 001b 0B       		.uleb128 0xb
 123 001c 03       		.uleb128 0x3
 124 001d 0E       		.uleb128 0xe
 125 001e 00       		.byte	0
 126 001f 00       		.byte	0
 127 0020 03       		.uleb128 0x3
 128 0021 24       		.uleb128 0x24
 129 0022 00       		.byte	0
 130 0023 0B       		.uleb128 0xb
 131 0024 0B       		.uleb128 0xb
 132 0025 3E       		.uleb128 0x3e
 133 0026 0B       		.uleb128 0xb
 134 0027 03       		.uleb128 0x3
 135 0028 08       		.uleb128 0x8
 136 0029 00       		.byte	0
 137 002a 00       		.byte	0
 138 002b 04       		.uleb128 0x4
 139 002c 2E       		.uleb128 0x2e
 140 002d 00       		.byte	0
 141 002e 3F       		.uleb128 0x3f
 142 002f 0C       		.uleb128 0xc
 143 0030 03       		.uleb128 0x3
 144 0031 0E       		.uleb128 0xe
 145 0032 3A       		.uleb128 0x3a
 146 0033 0B       		.uleb128 0xb
 147 0034 3B       		.uleb128 0x3b
 148 0035 0B       		.uleb128 0xb
 149 0036 27       		.uleb128 0x27
 150 0037 0C       		.uleb128 0xc
 151 0038 11       		.uleb128 0x11
 152 0039 01       		.uleb128 0x1
 153 003a 12       		.uleb128 0x12
 154 003b 01       		.uleb128 0x1
 155 003c 40       		.uleb128 0x40
 156 003d 0A       		.uleb128 0xa
 157 003e 9742     		.uleb128 0x2117
 158 0040 0C       		.uleb128 0xc
 159 0041 00       		.byte	0
 160 0042 00       		.byte	0
 161 0043 00       		.byte	0
 162              		.section	.debug_aranges,"",@progbits
 163 0000 0000001C 		.4byte	0x1c
 164 0004 0002     		.2byte	0x2
 165 0006 00000000 		.4byte	.Ldebug_info0
 166 000a 04       		.byte	0x4
 167 000b 00       		.byte	0
 168 000c 0000     		.2byte	0
 169 000e 0000     		.2byte	0
 170 0010 00000000 		.4byte	.LFB2
 171 0014 00000002 		.4byte	.LFE2-.LFB2
GAS LISTING C:\Users\Vipuls\AppData\Local\Temp\cctTTr7J.s 			page 4


 172 0018 00000000 		.4byte	0
 173 001c 00000000 		.4byte	0
 174              		.section	.debug_ranges,"",@progbits
 175              	.Ldebug_ranges0:
 176 0000 00000000 		.4byte	.LFB2
 177 0004 00000000 		.4byte	.LFE2
 178 0008 00000000 		.4byte	0
 179 000c 00000000 		.4byte	0
 180              		.section	.debug_line,"",@progbits
 181              	.Ldebug_line0:
 182 0000 00000064 		.section	.debug_str,"MS",@progbits,1
 182      00020000 
 182      004F0201 
 182      FB0E0D00 
 182      01010101 
 183              	.LASF8:
 184 0000 756E7369 		.string	"unsigned int"
 184      676E6564 
 184      20696E74 
 184      00
 185              	.LASF5:
 186 000d 6C6F6E67 		.string	"long unsigned int"
 186      20756E73 
 186      69676E65 
 186      6420696E 
 186      7400
 187              	.LASF0:
 188 001f 7369676E 		.string	"signed char"
 188      65642063 
 188      68617200 
 189              	.LASF11:
 190 002b 2E2F636F 		.string	"./components/spc58ecxx_irq_component_rla/cfg/swirq_cfg.c"
 190      6D706F6E 
 190      656E7473 
 190      2F737063 
 190      35386563 
 191              	.LASF3:
 192 0064 73686F72 		.string	"short unsigned int"
 192      7420756E 
 192      7369676E 
 192      65642069 
 192      6E7400
 193              	.LASF2:
 194 0077 73686F72 		.string	"short int"
 194      7420696E 
 194      7400
 195              	.LASF13:
 196 0081 73776972 		.string	"swirq_init_prio"
 196      715F696E 
 196      69745F70 
 196      72696F00 
 197              	.LASF7:
 198 0091 6C6F6E67 		.string	"long long unsigned int"
 198      206C6F6E 
 198      6720756E 
 198      7369676E 
 198      65642069 
GAS LISTING C:\Users\Vipuls\AppData\Local\Temp\cctTTr7J.s 			page 5


 199              	.LASF1:
 200 00a8 756E7369 		.string	"unsigned char"
 200      676E6564 
 200      20636861 
 200      7200
 201              	.LASF4:
 202 00b6 6C6F6E67 		.string	"long int"
 202      20696E74 
 202      00
 203              	.LASF9:
 204 00bf 73697A65 		.string	"sizetype"
 204      74797065 
 204      00
 205              	.LASF6:
 206 00c8 6C6F6E67 		.string	"long long int"
 206      206C6F6E 
 206      6720696E 
 206      7400
 207              	.LASF10:
 208 00d6 474E5520 		.ascii	"GNU C 4.9.4 20160726 (Sat May 27 11:09:55 CDT 2017         b"
 208      4320342E 
 208      392E3420 
 208      32303136 
 208      30373236 
 209 0112 75696C64 		.ascii	"uild.sh"
 209      2E7368
 210 0119 20726576 		.string	" rev=gd8b6c20 s=F494 ELe200 -V release_gd8b6c20_build_Fed_ELe200_ML0) -mcall-sysv -mcpu=e
 210      3D676438 
 210      62366332 
 210      3020733D 
 210      46343934 
 211              	.LASF12:
 212 021a 443A5C53 		.string	"D:\\Study\\Y1\\Work\\RCVD\\Autodev\\Slave_L9963E\\SPC58EC - Combined_Application_v1"
 212      74756479 
 212      5C59315C 
 212      576F726B 
 212      5C524356 
 213              		.ident	"GCC: (GNU) 4.9.4 20160726 (Sat May 27 11:09:55 CDT 2017         build.sh rev=gd8b6c20 s=F4
GAS LISTING C:\Users\Vipuls\AppData\Local\Temp\cctTTr7J.s 			page 6


DEFINED SYMBOLS
                            *ABS*:00000000 swirq_cfg.c
C:\Users\Vipuls\AppData\Local\Temp\cctTTr7J.s:10     .text.swirq_init_prio:00000000 swirq_init_prio

NO UNDEFINED SYMBOLS
