GAS LISTING C:\Users\Vipuls\AppData\Local\Temp\ccnA3sHk.s 			page 1


   1              		.file	"spc5_lld.c"
   2              		.section	".text","axv"
   3              	.Ltext0:
   4              		.cfi_sections	.debug_frame
   5              		.section	.text.spc5LLDInit,"axv",@progbits
   6              		.align 1
   7              		.p2align 4,,15
   8              		.globl spc5LLDInit
   9              		.type	spc5LLDInit, @function
  10              	spc5LLDInit:
  11              	.LFB3:
  12              		.file 1 "./components/spc58ecxx_low_level_drivers_component_rla/lib/src/spc5_lld.c"
  13              		.loc 1 43 0
  14              		.cfi_startproc
  15 0000 182106F8 		e_stwu %r1,-8(%r1)
  16              	.LCFI0:
  17              		.cfi_def_cfa_offset 8
  18 0004 0080     		se_mflr %r0
  19 0006 D301     		se_stw %r0,12(%r1)
  20              		.cfi_offset 65, 4
  21              		.loc 1 46 0
  22 0008 78000001 		e_bl edmaInit
  23              	.LVL0:
  24              		.loc 1 49 0
  25 000c 78000001 		e_bl pit_lld_init
  26              	.LVL1:
  27              		.loc 1 55 0
  28 0010 78000001 		e_bl sd_lld_init
  29              	.LVL2:
  30              		.loc 1 70 0
  31 0014 78000001 		e_bl can_lld_init
  32              	.LVL3:
  33              		.loc 1 73 0
  34 0018 78000001 		e_bl spi_lld_init
  35              	.LVL4:
  36              		.loc 1 91 0
  37 001c 78000001 		e_bl saradc_lld_init
  38              	.LVL5:
  39              		.loc 1 120 0
  40 0020 C301     		se_lwz %r0,12(%r1)
  41 0022 0090     		se_mtlr %r0
  42              		.cfi_restore 65
  43 0024 2071     		se_addi %r1,8
  44              	.LCFI1:
  45              		.cfi_def_cfa_offset 0
  46              		.loc 1 103 0
  47 0026 78000000 		e_b wkpu_lld_init
  48              	.LVL6:
  49              		.cfi_endproc
  50              	.LFE3:
  51              		.size	spc5LLDInit, .-spc5LLDInit
  52              		.section	".text","axv"
  53              	.Letext0:
  54              		.file 2 "./components/spc58ecxx_low_level_drivers_component_rla/lib/include/spc5_edma.h"
  55              		.file 3 "./components/spc58ecxx_low_level_drivers_component_rla/lib/include/pit_lld.h"
  56              		.file 4 "./components/spc58ecxx_low_level_drivers_component_rla/lib/include/serial_lld.h"
  57              		.file 5 "./components/spc58ecxx_low_level_drivers_component_rla/lib/include/can_lld.h"
GAS LISTING C:\Users\Vipuls\AppData\Local\Temp\ccnA3sHk.s 			page 2


  58              		.file 6 "./components/spc58ecxx_low_level_drivers_component_rla/lib/include/spi_lld.h"
  59              		.file 7 "./components/spc58ecxx_low_level_drivers_component_rla/lib/include/saradc_lld.h"
  60              		.file 8 "./components/spc58ecxx_low_level_drivers_component_rla/lib/include/wkpu_lld.h"
  61              		.section	.debug_info,"",@progbits
  62              	.Ldebug_info0:
  63 0000 00000122 		.4byte	0x122
  64 0004 0002     		.2byte	0x2
  65 0006 00000000 		.4byte	.Ldebug_abbrev0
  66 000a 04       		.byte	0x4
  67 000b 01       		.uleb128 0x1
  68 000c 00000000 		.4byte	.LASF18
  69 0010 01       		.byte	0x1
  70 0011 00000000 		.4byte	.LASF19
  71 0015 00000000 		.4byte	.LASF20
  72 0019 00000000 		.4byte	.Ldebug_ranges0+0
  73 001d 00000000 		.4byte	0
  74 0021 00000000 		.4byte	0
  75 0025 00000000 		.4byte	.Ldebug_line0
  76 0029 02       		.uleb128 0x2
  77 002a 01       		.byte	0x1
  78 002b 06       		.byte	0x6
  79 002c 00000000 		.4byte	.LASF0
  80 0030 02       		.uleb128 0x2
  81 0031 01       		.byte	0x1
  82 0032 08       		.byte	0x8
  83 0033 00000000 		.4byte	.LASF1
  84 0037 02       		.uleb128 0x2
  85 0038 02       		.byte	0x2
  86 0039 05       		.byte	0x5
  87 003a 00000000 		.4byte	.LASF2
  88 003e 02       		.uleb128 0x2
  89 003f 02       		.byte	0x2
  90 0040 07       		.byte	0x7
  91 0041 00000000 		.4byte	.LASF3
  92 0045 02       		.uleb128 0x2
  93 0046 04       		.byte	0x4
  94 0047 05       		.byte	0x5
  95 0048 00000000 		.4byte	.LASF4
  96 004c 02       		.uleb128 0x2
  97 004d 04       		.byte	0x4
  98 004e 07       		.byte	0x7
  99 004f 00000000 		.4byte	.LASF5
 100 0053 02       		.uleb128 0x2
 101 0054 08       		.byte	0x8
 102 0055 05       		.byte	0x5
 103 0056 00000000 		.4byte	.LASF6
 104 005a 02       		.uleb128 0x2
 105 005b 08       		.byte	0x8
 106 005c 07       		.byte	0x7
 107 005d 00000000 		.4byte	.LASF7
 108 0061 03       		.uleb128 0x3
 109 0062 04       		.byte	0x4
 110 0063 05       		.byte	0x5
 111 0064 696E7400 		.string	"int"
 112 0068 02       		.uleb128 0x2
 113 0069 04       		.byte	0x4
 114 006a 07       		.byte	0x7
GAS LISTING C:\Users\Vipuls\AppData\Local\Temp\ccnA3sHk.s 			page 3


 115 006b 00000000 		.4byte	.LASF8
 116 006f 02       		.uleb128 0x2
 117 0070 04       		.byte	0x4
 118 0071 07       		.byte	0x7
 119 0072 00000000 		.4byte	.LASF9
 120 0076 02       		.uleb128 0x2
 121 0077 04       		.byte	0x4
 122 0078 04       		.byte	0x4
 123 0079 00000000 		.4byte	.LASF10
 124 007d 04       		.uleb128 0x4
 125 007e 01       		.byte	0x1
 126 007f 00000000 		.4byte	.LASF21
 127 0083 01       		.byte	0x1
 128 0084 2B       		.byte	0x2b
 129 0085 01       		.byte	0x1
 130 0086 00000000 		.4byte	.LFB3
 131 008a 00000000 		.4byte	.LFE3
 132 008e 00000000 		.4byte	.LLST0
 133 0092 01       		.byte	0x1
 134 0093 000000D8 		.4byte	0xd8
 135 0097 05       		.uleb128 0x5
 136 0098 00000000 		.4byte	.LVL0
 137 009c 000000D8 		.4byte	0xd8
 138 00a0 05       		.uleb128 0x5
 139 00a1 00000000 		.4byte	.LVL1
 140 00a5 000000E3 		.4byte	0xe3
 141 00a9 05       		.uleb128 0x5
 142 00aa 00000000 		.4byte	.LVL2
 143 00ae 000000EE 		.4byte	0xee
 144 00b2 05       		.uleb128 0x5
 145 00b3 00000000 		.4byte	.LVL3
 146 00b7 000000F9 		.4byte	0xf9
 147 00bb 05       		.uleb128 0x5
 148 00bc 00000000 		.4byte	.LVL4
 149 00c0 00000104 		.4byte	0x104
 150 00c4 05       		.uleb128 0x5
 151 00c5 00000000 		.4byte	.LVL5
 152 00c9 0000010F 		.4byte	0x10f
 153 00cd 06       		.uleb128 0x6
 154 00ce 00000000 		.4byte	.LVL6
 155 00d2 01       		.byte	0x1
 156 00d3 0000011A 		.4byte	0x11a
 157 00d7 00       		.byte	0
 158 00d8 07       		.uleb128 0x7
 159 00d9 01       		.byte	0x1
 160 00da 00000000 		.4byte	.LASF11
 161 00de 02       		.byte	0x2
 162 00df 04D9     		.2byte	0x4d9
 163 00e1 01       		.byte	0x1
 164 00e2 01       		.byte	0x1
 165 00e3 07       		.uleb128 0x7
 166 00e4 01       		.byte	0x1
 167 00e5 00000000 		.4byte	.LASF12
 168 00e9 03       		.byte	0x3
 169 00ea 01A2     		.2byte	0x1a2
 170 00ec 01       		.byte	0x1
 171 00ed 01       		.byte	0x1
GAS LISTING C:\Users\Vipuls\AppData\Local\Temp\ccnA3sHk.s 			page 4


 172 00ee 07       		.uleb128 0x7
 173 00ef 01       		.byte	0x1
 174 00f0 00000000 		.4byte	.LASF13
 175 00f4 04       		.byte	0x4
 176 00f5 01A5     		.2byte	0x1a5
 177 00f7 01       		.byte	0x1
 178 00f8 01       		.byte	0x1
 179 00f9 07       		.uleb128 0x7
 180 00fa 01       		.byte	0x1
 181 00fb 00000000 		.4byte	.LASF14
 182 00ff 05       		.byte	0x5
 183 0100 0327     		.2byte	0x327
 184 0102 01       		.byte	0x1
 185 0103 01       		.byte	0x1
 186 0104 07       		.uleb128 0x7
 187 0105 01       		.byte	0x1
 188 0106 00000000 		.4byte	.LASF15
 189 010a 06       		.byte	0x6
 190 010b 043E     		.2byte	0x43e
 191 010d 01       		.byte	0x1
 192 010e 01       		.byte	0x1
 193 010f 07       		.uleb128 0x7
 194 0110 01       		.byte	0x1
 195 0111 00000000 		.4byte	.LASF16
 196 0115 07       		.byte	0x7
 197 0116 0217     		.2byte	0x217
 198 0118 01       		.byte	0x1
 199 0119 01       		.byte	0x1
 200 011a 07       		.uleb128 0x7
 201 011b 01       		.byte	0x1
 202 011c 00000000 		.4byte	.LASF17
 203 0120 08       		.byte	0x8
 204 0121 0123     		.2byte	0x123
 205 0123 01       		.byte	0x1
 206 0124 01       		.byte	0x1
 207 0125 00       		.byte	0
 208              		.section	.debug_abbrev,"",@progbits
 209              	.Ldebug_abbrev0:
 210 0000 01       		.uleb128 0x1
 211 0001 11       		.uleb128 0x11
 212 0002 01       		.byte	0x1
 213 0003 25       		.uleb128 0x25
 214 0004 0E       		.uleb128 0xe
 215 0005 13       		.uleb128 0x13
 216 0006 0B       		.uleb128 0xb
 217 0007 03       		.uleb128 0x3
 218 0008 0E       		.uleb128 0xe
 219 0009 1B       		.uleb128 0x1b
 220 000a 0E       		.uleb128 0xe
 221 000b 55       		.uleb128 0x55
 222 000c 06       		.uleb128 0x6
 223 000d 11       		.uleb128 0x11
 224 000e 01       		.uleb128 0x1
 225 000f 52       		.uleb128 0x52
 226 0010 01       		.uleb128 0x1
 227 0011 10       		.uleb128 0x10
 228 0012 06       		.uleb128 0x6
GAS LISTING C:\Users\Vipuls\AppData\Local\Temp\ccnA3sHk.s 			page 5


 229 0013 00       		.byte	0
 230 0014 00       		.byte	0
 231 0015 02       		.uleb128 0x2
 232 0016 24       		.uleb128 0x24
 233 0017 00       		.byte	0
 234 0018 0B       		.uleb128 0xb
 235 0019 0B       		.uleb128 0xb
 236 001a 3E       		.uleb128 0x3e
 237 001b 0B       		.uleb128 0xb
 238 001c 03       		.uleb128 0x3
 239 001d 0E       		.uleb128 0xe
 240 001e 00       		.byte	0
 241 001f 00       		.byte	0
 242 0020 03       		.uleb128 0x3
 243 0021 24       		.uleb128 0x24
 244 0022 00       		.byte	0
 245 0023 0B       		.uleb128 0xb
 246 0024 0B       		.uleb128 0xb
 247 0025 3E       		.uleb128 0x3e
 248 0026 0B       		.uleb128 0xb
 249 0027 03       		.uleb128 0x3
 250 0028 08       		.uleb128 0x8
 251 0029 00       		.byte	0
 252 002a 00       		.byte	0
 253 002b 04       		.uleb128 0x4
 254 002c 2E       		.uleb128 0x2e
 255 002d 01       		.byte	0x1
 256 002e 3F       		.uleb128 0x3f
 257 002f 0C       		.uleb128 0xc
 258 0030 03       		.uleb128 0x3
 259 0031 0E       		.uleb128 0xe
 260 0032 3A       		.uleb128 0x3a
 261 0033 0B       		.uleb128 0xb
 262 0034 3B       		.uleb128 0x3b
 263 0035 0B       		.uleb128 0xb
 264 0036 27       		.uleb128 0x27
 265 0037 0C       		.uleb128 0xc
 266 0038 11       		.uleb128 0x11
 267 0039 01       		.uleb128 0x1
 268 003a 12       		.uleb128 0x12
 269 003b 01       		.uleb128 0x1
 270 003c 40       		.uleb128 0x40
 271 003d 06       		.uleb128 0x6
 272 003e 9742     		.uleb128 0x2117
 273 0040 0C       		.uleb128 0xc
 274 0041 01       		.uleb128 0x1
 275 0042 13       		.uleb128 0x13
 276 0043 00       		.byte	0
 277 0044 00       		.byte	0
 278 0045 05       		.uleb128 0x5
 279 0046 898201   		.uleb128 0x4109
 280 0049 00       		.byte	0
 281 004a 11       		.uleb128 0x11
 282 004b 01       		.uleb128 0x1
 283 004c 31       		.uleb128 0x31
 284 004d 13       		.uleb128 0x13
 285 004e 00       		.byte	0
GAS LISTING C:\Users\Vipuls\AppData\Local\Temp\ccnA3sHk.s 			page 6


 286 004f 00       		.byte	0
 287 0050 06       		.uleb128 0x6
 288 0051 898201   		.uleb128 0x4109
 289 0054 00       		.byte	0
 290 0055 11       		.uleb128 0x11
 291 0056 01       		.uleb128 0x1
 292 0057 9542     		.uleb128 0x2115
 293 0059 0C       		.uleb128 0xc
 294 005a 31       		.uleb128 0x31
 295 005b 13       		.uleb128 0x13
 296 005c 00       		.byte	0
 297 005d 00       		.byte	0
 298 005e 07       		.uleb128 0x7
 299 005f 2E       		.uleb128 0x2e
 300 0060 00       		.byte	0
 301 0061 3F       		.uleb128 0x3f
 302 0062 0C       		.uleb128 0xc
 303 0063 03       		.uleb128 0x3
 304 0064 0E       		.uleb128 0xe
 305 0065 3A       		.uleb128 0x3a
 306 0066 0B       		.uleb128 0xb
 307 0067 3B       		.uleb128 0x3b
 308 0068 05       		.uleb128 0x5
 309 0069 27       		.uleb128 0x27
 310 006a 0C       		.uleb128 0xc
 311 006b 3C       		.uleb128 0x3c
 312 006c 0C       		.uleb128 0xc
 313 006d 00       		.byte	0
 314 006e 00       		.byte	0
 315 006f 00       		.byte	0
 316              		.section	.debug_loc,"",@progbits
 317              	.Ldebug_loc0:
 318              	.LLST0:
 319 0000 00000000 		.4byte	.LFB3
 320 0004 00000000 		.4byte	.LCFI0
 321 0008 0002     		.2byte	0x2
 322 000a 71       		.byte	0x71
 323 000b 00       		.sleb128 0
 324 000c 00000000 		.4byte	.LCFI0
 325 0010 00000000 		.4byte	.LCFI1
 326 0014 0002     		.2byte	0x2
 327 0016 71       		.byte	0x71
 328 0017 08       		.sleb128 8
 329 0018 00000000 		.4byte	.LCFI1
 330 001c 00000000 		.4byte	.LFE3
 331 0020 0002     		.2byte	0x2
 332 0022 71       		.byte	0x71
 333 0023 00       		.sleb128 0
 334 0024 00000000 		.4byte	0
 335 0028 00000000 		.4byte	0
 336              		.section	.debug_aranges,"",@progbits
 337 0000 0000001C 		.4byte	0x1c
 338 0004 0002     		.2byte	0x2
 339 0006 00000000 		.4byte	.Ldebug_info0
 340 000a 04       		.byte	0x4
 341 000b 00       		.byte	0
 342 000c 0000     		.2byte	0
GAS LISTING C:\Users\Vipuls\AppData\Local\Temp\ccnA3sHk.s 			page 7


 343 000e 0000     		.2byte	0
 344 0010 00000000 		.4byte	.LFB3
 345 0014 0000002A 		.4byte	.LFE3-.LFB3
 346 0018 00000000 		.4byte	0
 347 001c 00000000 		.4byte	0
 348              		.section	.debug_ranges,"",@progbits
 349              	.Ldebug_ranges0:
 350 0000 00000000 		.4byte	.LFB3
 351 0004 00000000 		.4byte	.LFE3
 352 0008 00000000 		.4byte	0
 353 000c 00000000 		.4byte	0
 354              		.section	.debug_line,"",@progbits
 355              	.Ldebug_line0:
 356 0000 0000012C 		.section	.debug_str,"MS",@progbits,1
 356      00020000 
 356      01070201 
 356      FB0E0D00 
 356      01010101 
 357              	.LASF6:
 358 0000 6C6F6E67 		.string	"long long int"
 358      206C6F6E 
 358      6720696E 
 358      7400
 359              	.LASF8:
 360 000e 756E7369 		.string	"unsigned int"
 360      676E6564 
 360      20696E74 
 360      00
 361              	.LASF11:
 362 001b 65646D61 		.string	"edmaInit"
 362      496E6974 
 362      00
 363              	.LASF0:
 364 0024 7369676E 		.string	"signed char"
 364      65642063 
 364      68617200 
 365              	.LASF15:
 366 0030 7370695F 		.string	"spi_lld_init"
 366      6C6C645F 
 366      696E6974 
 366      00
 367              	.LASF16:
 368 003d 73617261 		.string	"saradc_lld_init"
 368      64635F6C 
 368      6C645F69 
 368      6E697400 
 369              	.LASF10:
 370 004d 666C6F61 		.string	"float"
 370      7400
 371              	.LASF19:
 372 0053 2E2F636F 		.string	"./components/spc58ecxx_low_level_drivers_component_rla/lib/src/spc5_lld.c"
 372      6D706F6E 
 372      656E7473 
 372      2F737063 
 372      35386563 
 373              	.LASF7:
 374 009d 6C6F6E67 		.string	"long long unsigned int"
GAS LISTING C:\Users\Vipuls\AppData\Local\Temp\ccnA3sHk.s 			page 8


 374      206C6F6E 
 374      6720756E 
 374      7369676E 
 374      65642069 
 375              	.LASF1:
 376 00b4 756E7369 		.string	"unsigned char"
 376      676E6564 
 376      20636861 
 376      7200
 377              	.LASF14:
 378 00c2 63616E5F 		.string	"can_lld_init"
 378      6C6C645F 
 378      696E6974 
 378      00
 379              	.LASF13:
 380 00cf 73645F6C 		.string	"sd_lld_init"
 380      6C645F69 
 380      6E697400 
 381              	.LASF20:
 382 00db 443A5C53 		.string	"D:\\Study\\Y1\\Work\\RCVD\\Autodev\\Slave_L9963E\\SPC58EC - Combined_Application_v4"
 382      74756479 
 382      5C59315C 
 382      576F726B 
 382      5C524356 
 383              	.LASF5:
 384 0128 6C6F6E67 		.string	"long unsigned int"
 384      20756E73 
 384      69676E65 
 384      6420696E 
 384      7400
 385              	.LASF17:
 386 013a 776B7075 		.string	"wkpu_lld_init"
 386      5F6C6C64 
 386      5F696E69 
 386      7400
 387              	.LASF4:
 388 0148 6C6F6E67 		.string	"long int"
 388      20696E74 
 388      00
 389              	.LASF3:
 390 0151 73686F72 		.string	"short unsigned int"
 390      7420756E 
 390      7369676E 
 390      65642069 
 390      6E7400
 391              	.LASF12:
 392 0164 7069745F 		.string	"pit_lld_init"
 392      6C6C645F 
 392      696E6974 
 392      00
 393              	.LASF9:
 394 0171 73697A65 		.string	"sizetype"
 394      74797065 
 394      00
 395              	.LASF2:
 396 017a 73686F72 		.string	"short int"
 396      7420696E 
GAS LISTING C:\Users\Vipuls\AppData\Local\Temp\ccnA3sHk.s 			page 9


 396      7400
 397              	.LASF21:
 398 0184 73706335 		.string	"spc5LLDInit"
 398      4C4C4449 
 398      6E697400 
 399              	.LASF18:
 400 0190 474E5520 		.ascii	"GNU C 4.9.4 20160726 (Sat May 27 11:09:55 CDT 2017         b"
 400      4320342E 
 400      392E3420 
 400      32303136 
 400      30373236 
 401 01cc 75696C64 		.ascii	"uild.sh"
 401      2E7368
 402 01d3 20726576 		.string	" rev=gd8b6c20 s=F494 ELe200 -V release_gd8b6c20_build_Fed_ELe200_ML0) -mcall-sysv -mcpu=e
 402      3D676438 
 402      62366332 
 402      3020733D 
 402      46343934 
 403              		.ident	"GCC: (GNU) 4.9.4 20160726 (Sat May 27 11:09:55 CDT 2017         build.sh rev=gd8b6c20 s=F4
GAS LISTING C:\Users\Vipuls\AppData\Local\Temp\ccnA3sHk.s 			page 10


DEFINED SYMBOLS
                            *ABS*:00000000 spc5_lld.c
C:\Users\Vipuls\AppData\Local\Temp\ccnA3sHk.s:10     .text.spc5LLDInit:00000000 spc5LLDInit

UNDEFINED SYMBOLS
edmaInit
pit_lld_init
sd_lld_init
can_lld_init
spi_lld_init
saradc_lld_init
wkpu_lld_init
